
*** Running vivado
    with args -log xterm.vds -m64 -product Vivado -mode batch -messageDb vivado.pb -notrace -source xterm.tcl



****** Vivado v2020.2 (64-bit)
  **** SW Build 3064766 on Wed Nov 18 09:12:45 MST 2020
  **** IP Build 3064653 on Wed Nov 18 14:17:31 MST 2020
    ** Copyright 1986-2020 Xilinx, Inc. All Rights Reserved.

source xterm.tcl -notrace
Command: synth_design -top xterm -part xc7a100tcsg324-1
Starting synth_design
Attempting to get a license for feature 'Synthesis' and/or device 'xc7a100t'
INFO: [Common 17-349] Got license for feature 'Synthesis' and/or device 'xc7a100t'
INFO: [Device 21-403] Loading part xc7a100tcsg324-1
INFO: [Synth 8-7079] Multithreading enabled for synth_design using a maximum of 2 processes.
INFO: [Synth 8-7078] Launching helper process for spawning children vivado processes
INFO: [Synth 8-7075] Helper process launched with PID 14312
---------------------------------------------------------------------------------
Starting RTL Elaboration : Time (s): cpu = 00:00:01 ; elapsed = 00:00:03 . Memory (MB): peak = 1017.902 ; gain = 0.000
---------------------------------------------------------------------------------
INFO: [Synth 8-6157] synthesizing module 'xterm' [C:/Users/lizheng/Desktop/VivadoLab/LAB6/lab6/xterm.v:3]
INFO: [Synth 8-6157] synthesizing module 'KeyboardSim' [C:/Users/lizheng/Desktop/VivadoLab/LAB5/lab5/KeyboardSim.v:3]
INFO: [Synth 8-6157] synthesizing module 'KeyBoardReceiver' [C:/Users/lizheng/Desktop/VivadoLab/LAB5/lab5/KeyBoardReceiver.v:22]
INFO: [Synth 8-6157] synthesizing module 'debouncer' [C:/Users/lizheng/Desktop/VivadoLab/LAB5/lab5/KeyBoardReceiver.v:101]
INFO: [Synth 8-6155] done synthesizing module 'debouncer' (1#1) [C:/Users/lizheng/Desktop/VivadoLab/LAB5/lab5/KeyBoardReceiver.v:101]
INFO: [Synth 8-155] case statement is not full and has no default [C:/Users/lizheng/Desktop/VivadoLab/LAB5/lab5/KeyBoardReceiver.v:52]
INFO: [Synth 8-6155] done synthesizing module 'KeyBoardReceiver' (2#1) [C:/Users/lizheng/Desktop/VivadoLab/LAB5/lab5/KeyBoardReceiver.v:22]
INFO: [Synth 8-6157] synthesizing module 'seg7decimal' [C:/Users/lizheng/Desktop/VivadoLab/LAB5/lab5/seg7decimal.v:23]
INFO: [Synth 8-226] default block is never used [C:/Users/lizheng/Desktop/VivadoLab/LAB5/lab5/seg7decimal.v:46]
INFO: [Synth 8-226] default block is never used [C:/Users/lizheng/Desktop/VivadoLab/LAB5/lab5/seg7decimal.v:63]
INFO: [Synth 8-6155] done synthesizing module 'seg7decimal' (3#1) [C:/Users/lizheng/Desktop/VivadoLab/LAB5/lab5/seg7decimal.v:23]
WARNING: [Synth 8-689] width (32) of port connection 'dp' does not match port width (1) of module 'seg7decimal' [C:/Users/lizheng/Desktop/VivadoLab/LAB5/lab5/KeyboardSim.v:35]
WARNING: [Synth 8-2900] ignoring illegal expression in output port connection [C:/Users/lizheng/Desktop/VivadoLab/LAB5/lab5/KeyboardSim.v:35]
INFO: [Synth 8-6157] synthesizing module 'kbcode2ascii' [C:/Users/lizheng/Desktop/VivadoLab/LAB5/lab5/kbcode2ascii.v:22]
INFO: [Synth 8-3876] $readmem data file 'C:\Users\lizheng\Desktop\VivadoLab\LAB6\lab6\scancode.txt' is read successfully [C:/Users/lizheng/Desktop/VivadoLab/LAB5/lab5/kbcode2ascii.v:29]
INFO: [Synth 8-6155] done synthesizing module 'kbcode2ascii' (4#1) [C:/Users/lizheng/Desktop/VivadoLab/LAB5/lab5/kbcode2ascii.v:22]
INFO: [Synth 8-6155] done synthesizing module 'KeyboardSim' (5#1) [C:/Users/lizheng/Desktop/VivadoLab/LAB5/lab5/KeyboardSim.v:3]
INFO: [Synth 8-6157] synthesizing module 'VGASim' [C:/Users/lizheng/Desktop/VivadoLab/LAB6/lab6/VGASim.v:20]
INFO: [Synth 8-3876] $readmem data file 'C:\Users\lizheng\Desktop\VivadoLab\LAB6\lab6\ASCout.txt' is read successfully [C:/Users/lizheng/Desktop/VivadoLab/LAB6/lab6/VGASim.v:53]
INFO: [Synth 8-6157] synthesizing module 'ClockDivider' [C:/Users/lizheng/Desktop/VivadoLab/LAB6/lab6/VGASim.v:3]
INFO: [Synth 8-6155] done synthesizing module 'ClockDivider' (6#1) [C:/Users/lizheng/Desktop/VivadoLab/LAB6/lab6/VGASim.v:3]
INFO: [Synth 8-6157] synthesizing module 'VGACtrl' [C:/Users/lizheng/Desktop/VivadoLab/LAB6/lab6/VGACtrl.v:23]
	Parameter H_Sync_Width bound to: 96 - type: integer 
	Parameter H_Back_Porche bound to: 48 - type: integer 
	Parameter H_Active_Pixels bound to: 640 - type: integer 
	Parameter H_Front_Porch bound to: 16 - type: integer 
	Parameter H_Totals bound to: 800 - type: integer 
	Parameter V_Sync_Width bound to: 2 - type: integer 
	Parameter V_Back_Porche bound to: 33 - type: integer 
	Parameter V_Active_Pixels bound to: 480 - type: integer 
	Parameter V_Front_Porch bound to: 10 - type: integer 
	Parameter V_Totals bound to: 525 - type: integer 
INFO: [Synth 8-6155] done synthesizing module 'VGACtrl' (7#1) [C:/Users/lizheng/Desktop/VivadoLab/LAB6/lab6/VGACtrl.v:23]
INFO: [Synth 8-6157] synthesizing module 'VGADraw' [C:/Users/lizheng/Desktop/VivadoLab/LAB6/lab6/VGADraw.v:3]
INFO: [Synth 8-6157] synthesizing module 'vga_mem' [C:/Users/lizheng/Desktop/VivadoLab/LAB6/project_6/project_6.runs/synth_1/.Xil/Vivado-24704-Cookiecoolkid/realtime/vga_mem_stub.v:6]
INFO: [Synth 8-6155] done synthesizing module 'vga_mem' (8#1) [C:/Users/lizheng/Desktop/VivadoLab/LAB6/project_6/project_6.runs/synth_1/.Xil/Vivado-24704-Cookiecoolkid/realtime/vga_mem_stub.v:6]
INFO: [Synth 8-6155] done synthesizing module 'VGADraw' (9#1) [C:/Users/lizheng/Desktop/VivadoLab/LAB6/lab6/VGADraw.v:3]
INFO: [Synth 8-6155] done synthesizing module 'VGASim' (10#1) [C:/Users/lizheng/Desktop/VivadoLab/LAB6/lab6/VGASim.v:20]
INFO: [Synth 8-6155] done synthesizing module 'xterm' (11#1) [C:/Users/lizheng/Desktop/VivadoLab/LAB6/lab6/xterm.v:3]
---------------------------------------------------------------------------------
Finished RTL Elaboration : Time (s): cpu = 00:00:02 ; elapsed = 00:00:04 . Memory (MB): peak = 1017.902 ; gain = 0.000
---------------------------------------------------------------------------------
---------------------------------------------------------------------------------
Start Handling Custom Attributes
---------------------------------------------------------------------------------
---------------------------------------------------------------------------------
Finished Handling Custom Attributes : Time (s): cpu = 00:00:02 ; elapsed = 00:00:04 . Memory (MB): peak = 1017.902 ; gain = 0.000
---------------------------------------------------------------------------------
---------------------------------------------------------------------------------
Finished RTL Optimization Phase 1 : Time (s): cpu = 00:00:02 ; elapsed = 00:00:04 . Memory (MB): peak = 1017.902 ; gain = 0.000
---------------------------------------------------------------------------------
Netlist sorting complete. Time (s): cpu = 00:00:00 ; elapsed = 00:00:00.012 . Memory (MB): peak = 1017.902 ; gain = 0.000
INFO: [Project 1-570] Preparing netlist for logic optimization

Processing XDC Constraints
Initializing timing engine
Parsing XDC File [c:/Users/lizheng/Desktop/VivadoLab/LAB6/project_6/project_6.gen/sources_1/ip/vga_mem/vga_mem/vga_mem_in_context.xdc] for cell 'nolabel_line24/vgadraw/my_pic'
Finished Parsing XDC File [c:/Users/lizheng/Desktop/VivadoLab/LAB6/project_6/project_6.gen/sources_1/ip/vga_mem/vga_mem/vga_mem_in_context.xdc] for cell 'nolabel_line24/vgadraw/my_pic'
Parsing XDC File [C:/Users/lizheng/Desktop/VivadoLab/LAB6/lab6/xterm.xdc]
Finished Parsing XDC File [C:/Users/lizheng/Desktop/VivadoLab/LAB6/lab6/xterm.xdc]
INFO: [Project 1-236] Implementation specific constraints were found while reading constraint file [C:/Users/lizheng/Desktop/VivadoLab/LAB6/lab6/xterm.xdc]. These constraints will be ignored for synthesis but will be used in implementation. Impacted constraints are listed in the file [.Xil/xterm_propImpl.xdc].
Resolution: To avoid this warning, move constraints listed in [.Xil/xterm_propImpl.xdc] to another XDC file and exclude this new file from synthesis with the used_in_synthesis property (File Properties dialog in GUI) and re-run elaboration/synthesis.
Completed Processing XDC Constraints

Netlist sorting complete. Time (s): cpu = 00:00:00 ; elapsed = 00:00:00.001 . Memory (MB): peak = 1081.395 ; gain = 0.000
INFO: [Project 1-111] Unisim Transformation Summary:
No Unisim elements were transformed.

Constraint Validation Runtime : Time (s): cpu = 00:00:00 ; elapsed = 00:00:00.004 . Memory (MB): peak = 1081.395 ; gain = 0.000
---------------------------------------------------------------------------------
Finished Constraint Validation : Time (s): cpu = 00:00:03 ; elapsed = 00:00:09 . Memory (MB): peak = 1081.395 ; gain = 63.492
---------------------------------------------------------------------------------
---------------------------------------------------------------------------------
Start Loading Part and Timing Information
---------------------------------------------------------------------------------
Loading part: xc7a100tcsg324-1
---------------------------------------------------------------------------------
Finished Loading Part and Timing Information : Time (s): cpu = 00:00:03 ; elapsed = 00:00:09 . Memory (MB): peak = 1081.395 ; gain = 63.492
---------------------------------------------------------------------------------
---------------------------------------------------------------------------------
Start Applying 'set_property' XDC Constraints
---------------------------------------------------------------------------------
Applied set_property KEEP_HIERARCHY = SOFT for nolabel_line24/vgadraw/my_pic. (constraint file  auto generated constraint).
---------------------------------------------------------------------------------
Finished applying 'set_property' XDC Constraints : Time (s): cpu = 00:00:03 ; elapsed = 00:00:09 . Memory (MB): peak = 1081.395 ; gain = 63.492
---------------------------------------------------------------------------------
---------------------------------------------------------------------------------
Finished RTL Optimization Phase 2 : Time (s): cpu = 00:00:04 ; elapsed = 00:00:11 . Memory (MB): peak = 1081.395 ; gain = 63.492
---------------------------------------------------------------------------------
---------------------------------------------------------------------------------
Start RTL Component Statistics 
---------------------------------------------------------------------------------
Detailed RTL Component Info : 
+---Adders : 
	   2 Input   32 Bit       Adders := 1     
	   2 Input   27 Bit       Adders := 2     
	   2 Input   12 Bit       Adders := 4     
	   2 Input   11 Bit       Adders := 3     
	   2 Input   10 Bit       Adders := 2     
	   2 Input    8 Bit       Adders := 2     
	   3 Input    8 Bit       Adders := 2     
	   4 Input    8 Bit       Adders := 1     
	   2 Input    5 Bit       Adders := 2     
	   2 Input    4 Bit       Adders := 1     
	   2 Input    3 Bit       Adders := 1     
	   2 Input    2 Bit       Adders := 1     
+---Registers : 
	               32 Bit    Registers := 1     
	               27 Bit    Registers := 2     
	               16 Bit    Registers := 1     
	               12 Bit    Registers := 2     
	               11 Bit    Registers := 1     
	               10 Bit    Registers := 1     
	                8 Bit    Registers := 8     
	                5 Bit    Registers := 2     
	                4 Bit    Registers := 2     
	                3 Bit    Registers := 1     
	                2 Bit    Registers := 2     
	                1 Bit    Registers := 11    
+---RAMs : 
	              18K Bit	(2400 X 8 bit)          RAMs := 1     
+---Muxes : 
	 259 Input  128 Bit        Muxes := 1     
	   2 Input   27 Bit        Muxes := 2     
	  11 Input   16 Bit        Muxes := 1     
	  10 Input   16 Bit        Muxes := 1     
	   2 Input   16 Bit        Muxes := 1     
	   2 Input   12 Bit        Muxes := 8     
	   4 Input   12 Bit        Muxes := 1     
	   2 Input   11 Bit        Muxes := 1     
	   2 Input   10 Bit        Muxes := 1     
	   2 Input    8 Bit        Muxes := 4     
	 257 Input    8 Bit        Muxes := 1     
	   2 Input    7 Bit        Muxes := 1     
	   2 Input    4 Bit        Muxes := 1     
	   2 Input    3 Bit        Muxes := 1     
	   2 Input    2 Bit        Muxes := 7     
	   3 Input    2 Bit        Muxes := 1     
	   2 Input    1 Bit        Muxes := 15    
	   3 Input    1 Bit        Muxes := 2     
	  12 Input    1 Bit        Muxes := 2     
---------------------------------------------------------------------------------
Finished RTL Component Statistics 
---------------------------------------------------------------------------------
---------------------------------------------------------------------------------
Start Part Resource Summary
---------------------------------------------------------------------------------
Part Resources:
DSPs: 240 (col length:80)
BRAMs: 270 (col length: RAMB18 80 RAMB36 40)
---------------------------------------------------------------------------------
Finished Part Resource Summary
---------------------------------------------------------------------------------
---------------------------------------------------------------------------------
Start Cross Boundary and Area Optimization
---------------------------------------------------------------------------------
DSP Report: Generating DSP nolabel_line24/vgadraw/ram_addr, operation Mode is: C+A*(B:0x280).
DSP Report: operator nolabel_line24/vgadraw/ram_addr is absorbed into DSP nolabel_line24/vgadraw/ram_addr.
DSP Report: operator nolabel_line24/vgadraw/ram_addr0 is absorbed into DSP nolabel_line24/vgadraw/ram_addr.
DSP Report: Generating DSP p_0_out, operation Mode is: A*(B:0x50).
DSP Report: operator p_0_out is absorbed into DSP p_0_out.
DSP Report: Generating DSP nolabel_line24/mode5, operation Mode is: A*(B:0x50).
DSP Report: operator nolabel_line24/mode5 is absorbed into DSP nolabel_line24/mode5.
DSP Report: Generating DSP p_1_out, operation Mode is: PCIN+(A:0x0):B+(C:0xffffffffffff).
DSP Report: operator p_1_out is absorbed into DSP p_1_out.
DSP Report: Generating DSP p_0_out, operation Mode is: A*(B:0x50).
DSP Report: operator p_0_out is absorbed into DSP p_0_out.
DSP Report: Generating DSP p_0_out, operation Mode is: C+A*(B:0x50)+1.
DSP Report: operator p_0_out is absorbed into DSP p_0_out.
DSP Report: operator nolabel_line24/mode5 is absorbed into DSP p_0_out.
DSP Report: Generating DSP nolabel_line24/mode4, operation Mode is: A*(B:0x50)+1.
DSP Report: operator nolabel_line24/mode4 is absorbed into DSP nolabel_line24/mode4.
DSP Report: operator nolabel_line24/mode5 is absorbed into DSP nolabel_line24/mode4.
---------------------------------------------------------------------------------
Finished Cross Boundary and Area Optimization : Time (s): cpu = 00:00:12 ; elapsed = 00:00:39 . Memory (MB): peak = 1120.211 ; gain = 102.309
---------------------------------------------------------------------------------
---------------------------------------------------------------------------------
Start ROM, RAM, DSP, Shift Register and Retiming Reporting
---------------------------------------------------------------------------------

Distributed RAM: Preliminary Mapping	Report (see note below)
+------------+---------------------------+-----------+----------------------+------------------------------+
|Module Name | RTL Object                | Inference | Size (Depth x Width) | Primitives                   | 
+------------+---------------------------+-----------+----------------------+------------------------------+
|xterm       | nolabel_line24/Screen_reg | Implied   | 4 K x 8              | RAM64X1D x 152	RAM64M x 152	 | 
+------------+---------------------------+-----------+----------------------+------------------------------+

Note: The table above is a preliminary report that shows the Distributed RAMs at the current stage of the synthesis flow. Some Distributed RAMs may be reimplemented as non Distributed RAM primitives later in the synthesis flow. Multiple instantiated RAMs are reported only once.

DSP: Preliminary Mapping	Report (see note below)
+------------+-----------------------------------+--------+--------+--------+--------+--------+------+------+------+------+-------+------+------+
|Module Name | DSP Mapping                       | A Size | B Size | C Size | D Size | P Size | AREG | BREG | CREG | DREG | ADREG | MREG | PREG | 
+------------+-----------------------------------+--------+--------+--------+--------+--------+------+------+------+------+-------+------+------+
|VGADraw     | C+A*(B:0x280)                     | 12     | 10     | 12     | -      | 19     | 0    | 0    | 0    | -    | -     | 0    | 0    | 
|VGASim      | A*(B:0x50)                        | 10     | 7      | -      | -      | 17     | 0    | 0    | -    | -    | -     | 0    | 0    | 
|VGASim      | A*(B:0x50)                        | 10     | 7      | -      | -      | 17     | 0    | 0    | -    | -    | -     | 0    | 0    | 
|xterm       | PCIN+(A:0x0):B+(C:0xffffffffffff) | 30     | 11     | 1      | -      | -1     | 0    | 0    | 0    | -    | -     | 0    | 0    | 
|VGASim      | A*(B:0x50)                        | 10     | 7      | -      | -      | 17     | 0    | 0    | -    | -    | -     | 0    | 0    | 
|VGASim      | C+A*(B:0x50)+1                    | 10     | 7      | 11     | -      | 12     | 0    | 0    | 0    | -    | -     | 0    | 0    | 
|VGASim      | A*(B:0x50)+1                      | 10     | 7      | -      | -      | 12     | 0    | 0    | -    | -    | -     | 0    | 0    | 
+------------+-----------------------------------+--------+--------+--------+--------+--------+------+------+------+------+-------+------+------+

Note: The table above is a preliminary report that shows the DSPs inferred at the current stage of the synthesis flow. Some DSP may be reimplemented as non DSP primitives later in the synthesis flow. Multiple instantiated DSPs are reported only once.
---------------------------------------------------------------------------------
Finished ROM, RAM, DSP, Shift Register and Retiming Reporting
---------------------------------------------------------------------------------
---------------------------------------------------------------------------------
Start Applying XDC Timing Constraints
---------------------------------------------------------------------------------
---------------------------------------------------------------------------------
Finished Applying XDC Timing Constraints : Time (s): cpu = 00:00:14 ; elapsed = 00:00:46 . Memory (MB): peak = 1126.090 ; gain = 108.188
---------------------------------------------------------------------------------
---------------------------------------------------------------------------------
Start Timing Optimization
---------------------------------------------------------------------------------
---------------------------------------------------------------------------------
Finished Timing Optimization : Time (s): cpu = 00:00:14 ; elapsed = 00:00:46 . Memory (MB): peak = 1147.871 ; gain = 129.969
---------------------------------------------------------------------------------
---------------------------------------------------------------------------------
Start ROM, RAM, DSP, Shift Register and Retiming Reporting
---------------------------------------------------------------------------------

Distributed RAM: Final Mapping	Report
+------------+---------------------------+-----------+----------------------+------------------------------+
|Module Name | RTL Object                | Inference | Size (Depth x Width) | Primitives                   | 
+------------+---------------------------+-----------+----------------------+------------------------------+
|xterm       | nolabel_line24/Screen_reg | Implied   | 4 K x 8              | RAM64X1D x 152	RAM64M x 152	 | 
+------------+---------------------------+-----------+----------------------+------------------------------+

---------------------------------------------------------------------------------
Finished ROM, RAM, DSP, Shift Register and Retiming Reporting
---------------------------------------------------------------------------------
---------------------------------------------------------------------------------
Start Technology Mapping
---------------------------------------------------------------------------------
---------------------------------------------------------------------------------
Finished Technology Mapping : Time (s): cpu = 00:00:14 ; elapsed = 00:00:48 . Memory (MB): peak = 1193.570 ; gain = 175.668
---------------------------------------------------------------------------------
---------------------------------------------------------------------------------
Start IO Insertion
---------------------------------------------------------------------------------
---------------------------------------------------------------------------------
Start Flattening Before IO Insertion
---------------------------------------------------------------------------------
---------------------------------------------------------------------------------
Finished Flattening Before IO Insertion
---------------------------------------------------------------------------------
---------------------------------------------------------------------------------
Start Final Netlist Cleanup
---------------------------------------------------------------------------------
---------------------------------------------------------------------------------
Finished Final Netlist Cleanup
---------------------------------------------------------------------------------
---------------------------------------------------------------------------------
Finished IO Insertion : Time (s): cpu = 00:00:15 ; elapsed = 00:00:50 . Memory (MB): peak = 1206.348 ; gain = 188.445
---------------------------------------------------------------------------------
---------------------------------------------------------------------------------
Start Renaming Generated Instances
---------------------------------------------------------------------------------
---------------------------------------------------------------------------------
Finished Renaming Generated Instances : Time (s): cpu = 00:00:15 ; elapsed = 00:00:50 . Memory (MB): peak = 1206.348 ; gain = 188.445
---------------------------------------------------------------------------------
---------------------------------------------------------------------------------
Start Rebuilding User Hierarchy
---------------------------------------------------------------------------------
---------------------------------------------------------------------------------
Finished Rebuilding User Hierarchy : Time (s): cpu = 00:00:15 ; elapsed = 00:00:50 . Memory (MB): peak = 1206.348 ; gain = 188.445
---------------------------------------------------------------------------------
---------------------------------------------------------------------------------
Start Renaming Generated Ports
---------------------------------------------------------------------------------
---------------------------------------------------------------------------------
Finished Renaming Generated Ports : Time (s): cpu = 00:00:15 ; elapsed = 00:00:50 . Memory (MB): peak = 1206.348 ; gain = 188.445
---------------------------------------------------------------------------------
---------------------------------------------------------------------------------
Start Handling Custom Attributes
---------------------------------------------------------------------------------
---------------------------------------------------------------------------------
Finished Handling Custom Attributes : Time (s): cpu = 00:00:15 ; elapsed = 00:00:50 . Memory (MB): peak = 1206.348 ; gain = 188.445
---------------------------------------------------------------------------------
---------------------------------------------------------------------------------
Start Renaming Generated Nets
---------------------------------------------------------------------------------
---------------------------------------------------------------------------------
Finished Renaming Generated Nets : Time (s): cpu = 00:00:15 ; elapsed = 00:00:50 . Memory (MB): peak = 1206.348 ; gain = 188.445
---------------------------------------------------------------------------------
---------------------------------------------------------------------------------
Start Writing Synthesis Report
---------------------------------------------------------------------------------

Report BlackBoxes: 
+------+--------------+----------+
|      |BlackBox name |Instances |
+------+--------------+----------+
|1     |vga_mem       |         1|
+------+--------------+----------+

Report Cell Usage: 
+------+---------+------+
|      |Cell     |Count |
+------+---------+------+
|1     |vga_mem  |     1|
|2     |BUFG     |     4|
|3     |CARRY4   |    53|
|4     |DSP48E1  |     7|
|7     |LUT1     |    29|
|8     |LUT2     |   182|
|9     |LUT3     |    84|
|10    |LUT4     |   138|
|11    |LUT5     |   198|
|12    |LUT6     |  1276|
|13    |MUXF7    |   260|
|14    |MUXF8    |    41|
|15    |RAM64M   |   152|
|16    |RAM64X1D |   152|
|17    |FDCE     |    32|
|18    |FDRE     |   229|
|19    |FDSE     |     2|
|20    |IBUF     |     4|
|21    |OBUF     |    45|
+------+---------+------+
---------------------------------------------------------------------------------
Finished Writing Synthesis Report : Time (s): cpu = 00:00:15 ; elapsed = 00:00:50 . Memory (MB): peak = 1206.348 ; gain = 188.445
---------------------------------------------------------------------------------
Synthesis finished with 0 errors, 0 critical warnings and 0 warnings.
Synthesis Optimization Runtime : Time (s): cpu = 00:00:12 ; elapsed = 00:00:48 . Memory (MB): peak = 1206.348 ; gain = 124.953
Synthesis Optimization Complete : Time (s): cpu = 00:00:15 ; elapsed = 00:00:50 . Memory (MB): peak = 1206.348 ; gain = 188.445
INFO: [Project 1-571] Translating synthesized netlist
Netlist sorting complete. Time (s): cpu = 00:00:00 ; elapsed = 00:00:00.032 . Memory (MB): peak = 1206.348 ; gain = 0.000
INFO: [Netlist 29-17] Analyzing 665 Unisim elements for replacement
INFO: [Netlist 29-28] Unisim Transformation completed in 0 CPU seconds
INFO: [Project 1-570] Preparing netlist for logic optimization
INFO: [Opt 31-138] Pushed 1 inverter(s) to 304 load pin(s).
Netlist sorting complete. Time (s): cpu = 00:00:00 ; elapsed = 00:00:00.001 . Memory (MB): peak = 1206.348 ; gain = 0.000
INFO: [Project 1-111] Unisim Transformation Summary:
  A total of 304 instances were transformed.
  RAM64M => RAM64M (inverted pins: WCLK) (RAMD64E(x4)): 152 instances
  RAM64X1D => RAM64X1D (inverted pins: WCLK) (RAMD64E(x2)): 152 instances

INFO: [Common 17-83] Releasing license: Synthesis
42 Infos, 2 Warnings, 0 Critical Warnings and 0 Errors encountered.
synth_design completed successfully
synth_design: Time (s): cpu = 00:00:16 ; elapsed = 00:00:55 . Memory (MB): peak = 1206.348 ; gain = 188.445
INFO: [Common 17-1381] The checkpoint 'C:/Users/lizheng/Desktop/VivadoLab/LAB6/project_6/project_6.runs/synth_1/xterm.dcp' has been generated.
INFO: [runtcl-4] Executing : report_utilization -file xterm_utilization_synth.rpt -pb xterm_utilization_synth.pb
INFO: [Common 17-206] Exiting Vivado at Thu Nov  2 17:56:35 2023...
