
*** Running vivado
    with args -log xterm.vds -m64 -product Vivado -mode batch -messageDb vivado.pb -notrace -source xterm.tcl



****** Vivado v2020.2 (64-bit)
  **** SW Build 3064766 on Wed Nov 18 09:12:45 MST 2020
  **** IP Build 3064653 on Wed Nov 18 14:17:31 MST 2020
    ** Copyright 1986-2020 Xilinx, Inc. All Rights Reserved.

source xterm.tcl -notrace
Command: synth_design -top xterm -part xc7a100tcsg324-1
Starting synth_design
Attempting to get a license for feature 'Synthesis' and/or device 'xc7a100t'
INFO: [Common 17-349] Got license for feature 'Synthesis' and/or device 'xc7a100t'
INFO: [Device 21-403] Loading part xc7a100tcsg324-1
INFO: [Synth 8-7079] Multithreading enabled for synth_design using a maximum of 2 processes.
INFO: [Synth 8-7078] Launching helper process for spawning children vivado processes
INFO: [Synth 8-7075] Helper process launched with PID 6164
WARNING: [Synth 8-6901] identifier 'lin' is used before its declaration [C:/Users/lizheng/Desktop/lab11_update/lab11.srcs/sources_1/new/xterm.v:120]
WARNING: [Synth 8-6901] identifier 'col' is used before its declaration [C:/Users/lizheng/Desktop/lab11_update/lab11.srcs/sources_1/new/xterm.v:120]
---------------------------------------------------------------------------------
Starting RTL Elaboration : Time (s): cpu = 00:00:01 ; elapsed = 00:00:03 . Memory (MB): peak = 1018.230 ; gain = 0.000
---------------------------------------------------------------------------------
INFO: [Synth 8-6157] synthesizing module 'xterm' [C:/Users/lizheng/Desktop/lab11_update/lab11.srcs/sources_1/new/xterm.v:24]
INFO: [Synth 8-6157] synthesizing module 'divider25MHZ' [C:/Users/lizheng/Desktop/lab11_update/lab11.srcs/sources_1/new/xterm.v:3]
INFO: [Synth 8-6155] done synthesizing module 'divider25MHZ' (1#1) [C:/Users/lizheng/Desktop/lab11_update/lab11.srcs/sources_1/new/xterm.v:3]
INFO: [Synth 8-6157] synthesizing module 'KeyboardSim' [C:/Users/lizheng/Desktop/lab11_update/lab11.srcs/sources_1/new/KeyboardSim.v:3]
INFO: [Synth 8-6157] synthesizing module 'kbcode2ascii' [C:/Users/lizheng/Desktop/lab11_update/lab11.srcs/sources_1/new/kbcode2ascii.v:3]
INFO: [Synth 8-3876] $readmem data file 'C:/Users/lizheng/Desktop/VivadoLab/LAB6/lab6/scancode.txt' is read successfully [C:/Users/lizheng/Desktop/lab11_update/lab11.srcs/sources_1/new/kbcode2ascii.v:10]
INFO: [Synth 8-6155] done synthesizing module 'kbcode2ascii' (2#1) [C:/Users/lizheng/Desktop/lab11_update/lab11.srcs/sources_1/new/kbcode2ascii.v:3]
INFO: [Synth 8-6157] synthesizing module 'KeyBoardReceiver' [C:/Users/lizheng/Desktop/lab11_update/lab11.srcs/sources_1/new/KeyBoardReceiver.v:2]
INFO: [Synth 8-6157] synthesizing module 'debouncer' [C:/Users/lizheng/Desktop/lab11_update/lab11.srcs/sources_1/new/KeyBoardReceiver.v:69]
INFO: [Synth 8-6155] done synthesizing module 'debouncer' (3#1) [C:/Users/lizheng/Desktop/lab11_update/lab11.srcs/sources_1/new/KeyBoardReceiver.v:69]
INFO: [Synth 8-155] case statement is not full and has no default [C:/Users/lizheng/Desktop/lab11_update/lab11.srcs/sources_1/new/KeyBoardReceiver.v:32]
INFO: [Synth 8-6155] done synthesizing module 'KeyBoardReceiver' (4#1) [C:/Users/lizheng/Desktop/lab11_update/lab11.srcs/sources_1/new/KeyBoardReceiver.v:2]
WARNING: [Synth 8-7071] port 'kclkf' of module 'KeyBoardReceiver' is unconnected for instance 'kbdr' [C:/Users/lizheng/Desktop/lab11_update/lab11.srcs/sources_1/new/KeyboardSim.v:27]
WARNING: [Synth 8-7071] port 'kdataf' of module 'KeyBoardReceiver' is unconnected for instance 'kbdr' [C:/Users/lizheng/Desktop/lab11_update/lab11.srcs/sources_1/new/KeyboardSim.v:27]
WARNING: [Synth 8-7071] port 'reset' of module 'KeyBoardReceiver' is unconnected for instance 'kbdr' [C:/Users/lizheng/Desktop/lab11_update/lab11.srcs/sources_1/new/KeyboardSim.v:27]
WARNING: [Synth 8-7071] port 'overflow' of module 'KeyBoardReceiver' is unconnected for instance 'kbdr' [C:/Users/lizheng/Desktop/lab11_update/lab11.srcs/sources_1/new/KeyboardSim.v:27]
WARNING: [Synth 8-7023] instance 'kbdr' of module 'KeyBoardReceiver' has 9 connections declared, but only 5 given [C:/Users/lizheng/Desktop/lab11_update/lab11.srcs/sources_1/new/KeyboardSim.v:27]
INFO: [Synth 8-6155] done synthesizing module 'KeyboardSim' (5#1) [C:/Users/lizheng/Desktop/lab11_update/lab11.srcs/sources_1/new/KeyboardSim.v:3]
INFO: [Synth 8-6157] synthesizing module 'VGASim' [C:/Users/lizheng/Desktop/lab11_update/lab11.srcs/sources_1/new/VGASim.v:3]
INFO: [Synth 8-6157] synthesizing module 'VGACtrl' [C:/Users/lizheng/Desktop/lab11_update/lab11.srcs/sources_1/new/VGACtrl.v:3]
	Parameter H_Sync_Width bound to: 96 - type: integer 
	Parameter H_Back_Porche bound to: 48 - type: integer 
	Parameter H_Active_Pixels bound to: 640 - type: integer 
	Parameter H_Front_Porch bound to: 16 - type: integer 
	Parameter H_Totals bound to: 800 - type: integer 
	Parameter V_Sync_Width bound to: 2 - type: integer 
	Parameter V_Back_Porche bound to: 33 - type: integer 
	Parameter V_Active_Pixels bound to: 480 - type: integer 
	Parameter V_Front_Porch bound to: 10 - type: integer 
	Parameter V_Totals bound to: 525 - type: integer 
INFO: [Synth 8-6155] done synthesizing module 'VGACtrl' (6#1) [C:/Users/lizheng/Desktop/lab11_update/lab11.srcs/sources_1/new/VGACtrl.v:3]
INFO: [Synth 8-6157] synthesizing module 'VGADraw' [C:/Users/lizheng/Desktop/lab11_update/lab11.srcs/sources_1/new/VGAdraw.v:4]
INFO: [Synth 8-6157] synthesizing module 'ASCII' [C:/Users/lizheng/Desktop/lab11_update/lab11.srcs/sources_1/new/ASCII.v:3]
INFO: [Synth 8-3876] $readmem data file 'C:/Users/lizheng/Desktop/ASCout.txt' is read successfully [C:/Users/lizheng/Desktop/lab11_update/lab11.srcs/sources_1/new/ASCII.v:13]
INFO: [Synth 8-6155] done synthesizing module 'ASCII' (7#1) [C:/Users/lizheng/Desktop/lab11_update/lab11.srcs/sources_1/new/ASCII.v:3]
INFO: [Synth 8-6155] done synthesizing module 'VGADraw' (8#1) [C:/Users/lizheng/Desktop/lab11_update/lab11.srcs/sources_1/new/VGAdraw.v:4]
WARNING: [Synth 8-7071] port 'state' of module 'VGADraw' is unconnected for instance 'vgadraw' [C:/Users/lizheng/Desktop/lab11_update/lab11.srcs/sources_1/new/VGASim.v:26]
WARNING: [Synth 8-7023] instance 'vgadraw' of module 'VGADraw' has 7 connections declared, but only 6 given [C:/Users/lizheng/Desktop/lab11_update/lab11.srcs/sources_1/new/VGASim.v:26]
INFO: [Synth 8-6155] done synthesizing module 'VGASim' (9#1) [C:/Users/lizheng/Desktop/lab11_update/lab11.srcs/sources_1/new/VGASim.v:3]
INFO: [Synth 8-6157] synthesizing module 'SingleCycleCPU' [C:/Users/lizheng/Desktop/lab11_update/lab11.srcs/sources_1/new/SingleCycleCPU.v:3]
INFO: [Synth 8-6157] synthesizing module 'InstrParse' [C:/Users/lizheng/Desktop/lab11_update/lab11.srcs/sources_1/new/InstrParse.v:3]
INFO: [Synth 8-6155] done synthesizing module 'InstrParse' (10#1) [C:/Users/lizheng/Desktop/lab11_update/lab11.srcs/sources_1/new/InstrParse.v:3]
INFO: [Synth 8-6157] synthesizing module 'Control' [C:/Users/lizheng/Desktop/lab11_update/lab11.srcs/sources_1/new/Control.v:3]
INFO: [Synth 8-6155] done synthesizing module 'Control' (11#1) [C:/Users/lizheng/Desktop/lab11_update/lab11.srcs/sources_1/new/Control.v:3]
INFO: [Synth 8-6157] synthesizing module 'InstrToImm' [C:/Users/lizheng/Desktop/lab11_update/lab11.srcs/sources_1/new/InstrToImm.v:4]
INFO: [Synth 8-6155] done synthesizing module 'InstrToImm' (12#1) [C:/Users/lizheng/Desktop/lab11_update/lab11.srcs/sources_1/new/InstrToImm.v:4]
INFO: [Synth 8-6157] synthesizing module 'regfile32' [C:/Users/lizheng/Desktop/lab11_update/lab11.srcs/sources_1/new/regfile32.v:3]
INFO: [Synth 8-6155] done synthesizing module 'regfile32' (13#1) [C:/Users/lizheng/Desktop/lab11_update/lab11.srcs/sources_1/new/regfile32.v:3]
INFO: [Synth 8-6157] synthesizing module 'ALU32' [C:/Users/lizheng/Desktop/ALU32.v:3]
INFO: [Synth 8-6157] synthesizing module 'Adder32' [C:/Users/lizheng/Desktop/Adder32.v:23]
INFO: [Synth 8-6157] synthesizing module 'CLA_16' [C:/Users/lizheng/Desktop/Adder32.v:43]
INFO: [Synth 8-6157] synthesizing module 'CLA_group' [C:/Users/lizheng/Desktop/Adder32.v:59]
INFO: [Synth 8-6157] synthesizing module 'FA_PG' [C:/Users/lizheng/Desktop/Adder32.v:89]
INFO: [Synth 8-6155] done synthesizing module 'FA_PG' (14#1) [C:/Users/lizheng/Desktop/Adder32.v:89]
INFO: [Synth 8-6157] synthesizing module 'CLU' [C:/Users/lizheng/Desktop/Adder32.v:78]
INFO: [Synth 8-6155] done synthesizing module 'CLU' (15#1) [C:/Users/lizheng/Desktop/Adder32.v:78]
INFO: [Synth 8-6155] done synthesizing module 'CLA_group' (16#1) [C:/Users/lizheng/Desktop/Adder32.v:59]
INFO: [Synth 8-6155] done synthesizing module 'CLA_16' (17#1) [C:/Users/lizheng/Desktop/Adder32.v:43]
INFO: [Synth 8-6155] done synthesizing module 'Adder32' (18#1) [C:/Users/lizheng/Desktop/Adder32.v:23]
INFO: [Synth 8-6157] synthesizing module 'barrelsft32' [C:/Users/lizheng/Desktop/barrelsft32.v:4]
INFO: [Synth 8-6155] done synthesizing module 'barrelsft32' (19#1) [C:/Users/lizheng/Desktop/barrelsft32.v:4]
INFO: [Synth 8-6155] done synthesizing module 'ALU32' (20#1) [C:/Users/lizheng/Desktop/ALU32.v:3]
INFO: [Synth 8-6157] synthesizing module 'BranchControl' [C:/Users/lizheng/Desktop/lab11_update/lab11.srcs/sources_1/new/BranchControl.v:3]
INFO: [Synth 8-6155] done synthesizing module 'BranchControl' (21#1) [C:/Users/lizheng/Desktop/lab11_update/lab11.srcs/sources_1/new/BranchControl.v:3]
INFO: [Synth 8-6157] synthesizing module 'nextPC' [C:/Users/lizheng/Desktop/lab11_update/lab11.srcs/sources_1/new/nextPC.v:3]
INFO: [Synth 8-6155] done synthesizing module 'nextPC' (22#1) [C:/Users/lizheng/Desktop/lab11_update/lab11.srcs/sources_1/new/nextPC.v:3]
INFO: [Synth 8-6155] done synthesizing module 'SingleCycleCPU' (23#1) [C:/Users/lizheng/Desktop/lab11_update/lab11.srcs/sources_1/new/SingleCycleCPU.v:3]
WARNING: [Synth 8-689] width (16) of port connection 'dbgdata' does not match port width (32) of module 'SingleCycleCPU' [C:/Users/lizheng/Desktop/lab11_update/lab11.srcs/sources_1/new/xterm.v:112]
INFO: [Synth 8-6157] synthesizing module 'InstrMem' [C:/Users/lizheng/Desktop/lab11_update/lab11.srcs/sources_1/new/InstrMem.v:3]
INFO: [Synth 8-3876] $readmem data file 'C:/Users/lizheng/Desktop/lab11_update/software/main.hex' is read successfully [C:/Users/lizheng/Desktop/lab11_update/lab11.srcs/sources_1/new/InstrMem.v:11]
INFO: [Synth 8-6155] done synthesizing module 'InstrMem' (24#1) [C:/Users/lizheng/Desktop/lab11_update/lab11.srcs/sources_1/new/InstrMem.v:3]
INFO: [Synth 8-6157] synthesizing module 'DataMem' [C:/Users/lizheng/Desktop/lab11_update/lab11.srcs/sources_1/new/DataMem.v:17]
INFO: [Synth 8-3876] $readmem data file 'C:/Users/lizheng/Desktop/lab11_update/software/main_d.hex' is read successfully [C:/Users/lizheng/Desktop/lab11_update/lab11.srcs/sources_1/new/DataMem.v:27]
INFO: [Synth 8-6155] done synthesizing module 'DataMem' (25#1) [C:/Users/lizheng/Desktop/lab11_update/lab11.srcs/sources_1/new/DataMem.v:17]
INFO: [Synth 8-6157] synthesizing module 'seg7decimal' [C:/Users/lizheng/Desktop/seg7decimal.v:23]
INFO: [Synth 8-226] default block is never used [C:/Users/lizheng/Desktop/seg7decimal.v:46]
INFO: [Synth 8-226] default block is never used [C:/Users/lizheng/Desktop/seg7decimal.v:63]
INFO: [Synth 8-6155] done synthesizing module 'seg7decimal' (26#1) [C:/Users/lizheng/Desktop/seg7decimal.v:23]
WARNING: [Synth 8-7071] port 'dp' of module 'seg7decimal' is unconnected for instance 'cpuseg' [C:/Users/lizheng/Desktop/lab11_update/lab11.srcs/sources_1/new/xterm.v:152]
WARNING: [Synth 8-7023] instance 'cpuseg' of module 'seg7decimal' has 5 connections declared, but only 4 given [C:/Users/lizheng/Desktop/lab11_update/lab11.srcs/sources_1/new/xterm.v:152]
INFO: [Synth 8-6155] done synthesizing module 'xterm' (27#1) [C:/Users/lizheng/Desktop/lab11_update/lab11.srcs/sources_1/new/xterm.v:24]
---------------------------------------------------------------------------------
Finished RTL Elaboration : Time (s): cpu = 00:00:10 ; elapsed = 00:00:27 . Memory (MB): peak = 1633.785 ; gain = 615.555
---------------------------------------------------------------------------------
---------------------------------------------------------------------------------
Start Handling Custom Attributes
---------------------------------------------------------------------------------
---------------------------------------------------------------------------------
Finished Handling Custom Attributes : Time (s): cpu = 00:00:11 ; elapsed = 00:00:31 . Memory (MB): peak = 1633.785 ; gain = 615.555
---------------------------------------------------------------------------------
---------------------------------------------------------------------------------
Finished RTL Optimization Phase 1 : Time (s): cpu = 00:00:11 ; elapsed = 00:00:31 . Memory (MB): peak = 1633.785 ; gain = 615.555
---------------------------------------------------------------------------------
Netlist sorting complete. Time (s): cpu = 00:00:00 ; elapsed = 00:00:00.660 . Memory (MB): peak = 1633.785 ; gain = 0.000
INFO: [Project 1-570] Preparing netlist for logic optimization

Processing XDC Constraints
Initializing timing engine
Parsing XDC File [C:/Users/lizheng/Desktop/VivadoLab/LAB11/project_11/project_11.srcs/constrs_1/new/xterm.xdc]
Finished Parsing XDC File [C:/Users/lizheng/Desktop/VivadoLab/LAB11/project_11/project_11.srcs/constrs_1/new/xterm.xdc]
INFO: [Project 1-236] Implementation specific constraints were found while reading constraint file [C:/Users/lizheng/Desktop/VivadoLab/LAB11/project_11/project_11.srcs/constrs_1/new/xterm.xdc]. These constraints will be ignored for synthesis but will be used in implementation. Impacted constraints are listed in the file [.Xil/xterm_propImpl.xdc].
Resolution: To avoid this warning, move constraints listed in [.Xil/xterm_propImpl.xdc] to another XDC file and exclude this new file from synthesis with the used_in_synthesis property (File Properties dialog in GUI) and re-run elaboration/synthesis.
Completed Processing XDC Constraints

Netlist sorting complete. Time (s): cpu = 00:00:00 ; elapsed = 00:00:00.009 . Memory (MB): peak = 1678.629 ; gain = 0.000
INFO: [Project 1-111] Unisim Transformation Summary:
No Unisim elements were transformed.

Constraint Validation Runtime : Time (s): cpu = 00:00:00 ; elapsed = 00:00:00.223 . Memory (MB): peak = 1678.629 ; gain = 0.000
---------------------------------------------------------------------------------
Finished Constraint Validation : Time (s): cpu = 00:00:17 ; elapsed = 00:00:48 . Memory (MB): peak = 1678.629 ; gain = 660.398
---------------------------------------------------------------------------------
---------------------------------------------------------------------------------
Start Loading Part and Timing Information
---------------------------------------------------------------------------------
Loading part: xc7a100tcsg324-1
---------------------------------------------------------------------------------
Finished Loading Part and Timing Information : Time (s): cpu = 00:00:17 ; elapsed = 00:00:48 . Memory (MB): peak = 1678.629 ; gain = 660.398
---------------------------------------------------------------------------------
---------------------------------------------------------------------------------
Start Applying 'set_property' XDC Constraints
---------------------------------------------------------------------------------
---------------------------------------------------------------------------------
Finished applying 'set_property' XDC Constraints : Time (s): cpu = 00:00:17 ; elapsed = 00:00:48 . Memory (MB): peak = 1678.629 ; gain = 660.398
---------------------------------------------------------------------------------
WARNING: [Synth 8-327] inferring latch for variable 'keymemout_reg' [C:/Users/lizheng/Desktop/lab11_update/lab11.srcs/sources_1/new/KeyboardSim.v:93]
WARNING: [Synth 8-327] inferring latch for variable 'intmp_reg' [C:/Users/lizheng/Desktop/lab11_update/lab11.srcs/sources_1/new/KeyboardSim.v:97]
WARNING: [Synth 8-327] inferring latch for variable 'ExtOp_reg' [C:/Users/lizheng/Desktop/lab11_update/lab11.srcs/sources_1/new/Control.v:21]
WARNING: [Synth 8-327] inferring latch for variable 'RegWr_reg' [C:/Users/lizheng/Desktop/lab11_update/lab11.srcs/sources_1/new/Control.v:26]
WARNING: [Synth 8-327] inferring latch for variable 'ALUASrc_reg' [C:/Users/lizheng/Desktop/lab11_update/lab11.srcs/sources_1/new/Control.v:28]
WARNING: [Synth 8-327] inferring latch for variable 'ALUBSrc_reg' [C:/Users/lizheng/Desktop/lab11_update/lab11.srcs/sources_1/new/Control.v:23]
WARNING: [Synth 8-327] inferring latch for variable 'ALUctr_reg' [C:/Users/lizheng/Desktop/lab11_update/lab11.srcs/sources_1/new/Control.v:24]
WARNING: [Synth 8-327] inferring latch for variable 'Branch_reg' [C:/Users/lizheng/Desktop/lab11_update/lab11.srcs/sources_1/new/Control.v:22]
WARNING: [Synth 8-327] inferring latch for variable 'MemtoReg_reg' [C:/Users/lizheng/Desktop/lab11_update/lab11.srcs/sources_1/new/Control.v:27]
WARNING: [Synth 8-327] inferring latch for variable 'MemWr_reg' [C:/Users/lizheng/Desktop/lab11_update/lab11.srcs/sources_1/new/Control.v:29]
WARNING: [Synth 8-327] inferring latch for variable 'MemOp_reg' [C:/Users/lizheng/Desktop/lab11_update/lab11.srcs/sources_1/new/Control.v:25]
WARNING: [Synth 8-327] inferring latch for variable 'result_reg' [C:/Users/lizheng/Desktop/ALU32.v:36]
WARNING: [Synth 8-327] inferring latch for variable 'SIGctr_reg' [C:/Users/lizheng/Desktop/ALU32.v:23]
WARNING: [Synth 8-327] inferring latch for variable 'OPctr_reg' [C:/Users/lizheng/Desktop/ALU32.v:21]
WARNING: [Synth 8-327] inferring latch for variable 'SUBctr_reg' [C:/Users/lizheng/Desktop/ALU32.v:14]
WARNING: [Synth 8-327] inferring latch for variable 'SFTctr_reg' [C:/Users/lizheng/Desktop/ALU32.v:16]
WARNING: [Synth 8-327] inferring latch for variable 'ALctr_reg' [C:/Users/lizheng/Desktop/ALU32.v:16]
WARNING: [Synth 8-327] inferring latch for variable 'dataout_reg' [C:/Users/lizheng/Desktop/lab11_update/lab11.srcs/sources_1/new/DataMem.v:46]
WARNING: [Synth 8-327] inferring latch for variable 'intmp_reg' [C:/Users/lizheng/Desktop/lab11_update/lab11.srcs/sources_1/new/DataMem.v:70]
---------------------------------------------------------------------------------
Finished RTL Optimization Phase 2 : Time (s): cpu = 00:00:25 ; elapsed = 00:01:12 . Memory (MB): peak = 1678.629 ; gain = 660.398
---------------------------------------------------------------------------------
---------------------------------------------------------------------------------
Start RTL Component Statistics 
---------------------------------------------------------------------------------
Detailed RTL Component Info : 
+---Adders : 
	   2 Input   32 Bit       Adders := 5     
	   2 Input   12 Bit       Adders := 4     
	   2 Input    7 Bit       Adders := 1     
	   3 Input    7 Bit       Adders := 1     
	   2 Input    5 Bit       Adders := 2     
	   2 Input    4 Bit       Adders := 1     
	   2 Input    3 Bit       Adders := 1     
+---XORs : 
	   2 Input     32 Bit         XORs := 1     
	   3 Input      1 Bit         XORs := 32    
	   2 Input      1 Bit         XORs := 2     
+---Registers : 
	               32 Bit    Registers := 73    
	               31 Bit    Registers := 1     
	               12 Bit    Registers := 2     
	                8 Bit    Registers := 2403  
	                5 Bit    Registers := 3     
	                4 Bit    Registers := 2     
	                3 Bit    Registers := 1     
	                1 Bit    Registers := 10    
+---RAMs : 
	            2048K Bit	(65536 X 32 bit)          RAMs := 1     
+---Muxes : 
	 257 Input  128 Bit        Muxes := 1     
	   2 Input   32 Bit        Muxes := 29    
	  14 Input   32 Bit        Muxes := 1     
	   3 Input   32 Bit        Muxes := 1     
	   2 Input   12 Bit        Muxes := 4     
	 257 Input    8 Bit        Muxes := 1     
	  13 Input    8 Bit        Muxes := 1     
	   2 Input    8 Bit        Muxes := 4     
	   2 Input    4 Bit        Muxes := 2     
	   8 Input    4 Bit        Muxes := 1     
	   9 Input    3 Bit        Muxes := 1     
	   2 Input    3 Bit        Muxes := 4     
	   3 Input    3 Bit        Muxes := 1     
	   4 Input    3 Bit        Muxes := 3     
	   8 Input    3 Bit        Muxes := 2     
	   6 Input    3 Bit        Muxes := 1     
	   7 Input    3 Bit        Muxes := 1     
	  12 Input    3 Bit        Muxes := 1     
	   8 Input    2 Bit        Muxes := 2     
	   2 Input    2 Bit        Muxes := 2     
	   2 Input    1 Bit        Muxes := 2600  
	   3 Input    1 Bit        Muxes := 2     
	  12 Input    1 Bit        Muxes := 9     
	   7 Input    1 Bit        Muxes := 1     
	   8 Input    1 Bit        Muxes := 7     
	   6 Input    1 Bit        Muxes := 3     
	   9 Input    1 Bit        Muxes := 1     
---------------------------------------------------------------------------------
Finished RTL Component Statistics 
---------------------------------------------------------------------------------
---------------------------------------------------------------------------------
Start Part Resource Summary
---------------------------------------------------------------------------------
Part Resources:
DSPs: 240 (col length:80)
BRAMs: 270 (col length: RAMB18 80 RAMB36 40)
---------------------------------------------------------------------------------
Finished Part Resource Summary
---------------------------------------------------------------------------------
---------------------------------------------------------------------------------
Start Cross Boundary and Area Optimization
---------------------------------------------------------------------------------
WARNING: [Synth 8-7129] Port addr[31] in module InstrMem is either unconnected or has no load
WARNING: [Synth 8-7129] Port addr[30] in module InstrMem is either unconnected or has no load
WARNING: [Synth 8-7129] Port addr[29] in module InstrMem is either unconnected or has no load
WARNING: [Synth 8-7129] Port addr[28] in module InstrMem is either unconnected or has no load
WARNING: [Synth 8-7129] Port addr[27] in module InstrMem is either unconnected or has no load
WARNING: [Synth 8-7129] Port addr[26] in module InstrMem is either unconnected or has no load
WARNING: [Synth 8-7129] Port addr[25] in module InstrMem is either unconnected or has no load
WARNING: [Synth 8-7129] Port addr[24] in module InstrMem is either unconnected or has no load
WARNING: [Synth 8-7129] Port addr[23] in module InstrMem is either unconnected or has no load
WARNING: [Synth 8-7129] Port addr[22] in module InstrMem is either unconnected or has no load
WARNING: [Synth 8-7129] Port addr[21] in module InstrMem is either unconnected or has no load
WARNING: [Synth 8-7129] Port addr[20] in module InstrMem is either unconnected or has no load
WARNING: [Synth 8-7129] Port addr[19] in module InstrMem is either unconnected or has no load
WARNING: [Synth 8-7129] Port addr[18] in module InstrMem is either unconnected or has no load
WARNING: [Synth 8-7129] Port addr[17] in module InstrMem is either unconnected or has no load
WARNING: [Synth 8-7129] Port addr[16] in module InstrMem is either unconnected or has no load
WARNING: [Synth 8-7129] Port addr[15] in module InstrMem is either unconnected or has no load
WARNING: [Synth 8-7129] Port addr[14] in module InstrMem is either unconnected or has no load
WARNING: [Synth 8-7129] Port addr[13] in module InstrMem is either unconnected or has no load
WARNING: [Synth 8-7129] Port addr[1] in module InstrMem is either unconnected or has no load
WARNING: [Synth 8-7129] Port addr[0] in module InstrMem is either unconnected or has no load
WARNING: [Synth 8-7129] Port BTNC in module KeyboardSim is either unconnected or has no load
INFO: [Synth 8-4652] Swapped enable and write-enable on 32 RAM instances of RAM ram_reg to conserve power
INFO: [Synth 8-3886] merging instance 'kbsim/kbdata_reg[0][8]' (FDCE_1) to 'kbsim/kbdata_reg[0][31]'
INFO: [Synth 8-3886] merging instance 'kbsim/kbdata_reg[31][8]' (FDCE_1) to 'kbsim/kbdata_reg[31][7]'
INFO: [Synth 8-3886] merging instance 'kbsim/kbdata_reg[30][8]' (FDCE_1) to 'kbsim/kbdata_reg[30][31]'
INFO: [Synth 8-3886] merging instance 'kbsim/kbdata_reg[29][8]' (FDCE_1) to 'kbsim/kbdata_reg[29][31]'
INFO: [Synth 8-3886] merging instance 'kbsim/kbdata_reg[28][8]' (FDCE_1) to 'kbsim/kbdata_reg[28][31]'
INFO: [Synth 8-3886] merging instance 'kbsim/kbdata_reg[27][8]' (FDCE_1) to 'kbsim/kbdata_reg[27][31]'
INFO: [Synth 8-3886] merging instance 'kbsim/kbdata_reg[26][8]' (FDCE_1) to 'kbsim/kbdata_reg[26][31]'
INFO: [Synth 8-3886] merging instance 'kbsim/kbdata_reg[25][8]' (FDCE_1) to 'kbsim/kbdata_reg[25][31]'
INFO: [Synth 8-3886] merging instance 'kbsim/kbdata_reg[24][8]' (FDCE_1) to 'kbsim/kbdata_reg[24][31]'
INFO: [Synth 8-3886] merging instance 'kbsim/kbdata_reg[23][8]' (FDCE_1) to 'kbsim/kbdata_reg[23][31]'
INFO: [Synth 8-3886] merging instance 'kbsim/kbdata_reg[22][8]' (FDCE_1) to 'kbsim/kbdata_reg[22][31]'
INFO: [Synth 8-3886] merging instance 'kbsim/kbdata_reg[21][8]' (FDCE_1) to 'kbsim/kbdata_reg[21][31]'
INFO: [Synth 8-3886] merging instance 'kbsim/kbdata_reg[20][8]' (FDCE_1) to 'kbsim/kbdata_reg[20][31]'
INFO: [Synth 8-3886] merging instance 'kbsim/kbdata_reg[19][8]' (FDCE_1) to 'kbsim/kbdata_reg[19][31]'
INFO: [Synth 8-3886] merging instance 'kbsim/kbdata_reg[18][8]' (FDCE_1) to 'kbsim/kbdata_reg[18][31]'
INFO: [Synth 8-3886] merging instance 'kbsim/kbdata_reg[17][8]' (FDCE_1) to 'kbsim/kbdata_reg[17][31]'
INFO: [Synth 8-3886] merging instance 'kbsim/kbdata_reg[16][8]' (FDCE_1) to 'kbsim/kbdata_reg[16][31]'
INFO: [Synth 8-3886] merging instance 'kbsim/kbdata_reg[15][8]' (FDCE_1) to 'kbsim/kbdata_reg[15][31]'
INFO: [Synth 8-3886] merging instance 'kbsim/kbdata_reg[14][8]' (FDCE_1) to 'kbsim/kbdata_reg[14][31]'
INFO: [Synth 8-3886] merging instance 'kbsim/kbdata_reg[13][8]' (FDCE_1) to 'kbsim/kbdata_reg[13][31]'
INFO: [Synth 8-3886] merging instance 'kbsim/kbdata_reg[12][8]' (FDCE_1) to 'kbsim/kbdata_reg[12][31]'
INFO: [Synth 8-3886] merging instance 'kbsim/kbdata_reg[11][8]' (FDCE_1) to 'kbsim/kbdata_reg[11][31]'
INFO: [Synth 8-3886] merging instance 'kbsim/kbdata_reg[10][8]' (FDCE_1) to 'kbsim/kbdata_reg[10][31]'
INFO: [Synth 8-3886] merging instance 'kbsim/kbdata_reg[9][8]' (FDCE_1) to 'kbsim/kbdata_reg[9][31]'
INFO: [Synth 8-3886] merging instance 'kbsim/kbdata_reg[8][8]' (FDCE_1) to 'kbsim/kbdata_reg[8][31]'
INFO: [Synth 8-3886] merging instance 'kbsim/kbdata_reg[7][8]' (FDCE_1) to 'kbsim/kbdata_reg[7][31]'
INFO: [Synth 8-3886] merging instance 'kbsim/kbdata_reg[6][8]' (FDCE_1) to 'kbsim/kbdata_reg[6][31]'
INFO: [Synth 8-3886] merging instance 'kbsim/kbdata_reg[5][8]' (FDCE_1) to 'kbsim/kbdata_reg[5][31]'
INFO: [Synth 8-3886] merging instance 'kbsim/kbdata_reg[4][8]' (FDCE_1) to 'kbsim/kbdata_reg[4][31]'
INFO: [Synth 8-3886] merging instance 'kbsim/kbdata_reg[3][8]' (FDCE_1) to 'kbsim/kbdata_reg[3][31]'
INFO: [Synth 8-3886] merging instance 'kbsim/kbdata_reg[2][8]' (FDCE_1) to 'kbsim/kbdata_reg[2][31]'
INFO: [Synth 8-3886] merging instance 'kbsim/kbdata_reg[1][8]' (FDCE_1) to 'kbsim/kbdata_reg[1][31]'
INFO: [Synth 8-3886] merging instance 'kbsim/tail_reg[8]' (FDCE_1) to 'kbsim/tail_reg[5]'
INFO: [Synth 8-3886] merging instance 'kbsim/kbdata_reg[0][9]' (FDCE_1) to 'kbsim/kbdata_reg[0][31]'
INFO: [Synth 8-3886] merging instance 'kbsim/kbdata_reg[31][9]' (FDCE_1) to 'kbsim/kbdata_reg[31][7]'
INFO: [Synth 8-3886] merging instance 'kbsim/kbdata_reg[30][9]' (FDCE_1) to 'kbsim/kbdata_reg[30][31]'
INFO: [Synth 8-3886] merging instance 'kbsim/kbdata_reg[29][9]' (FDCE_1) to 'kbsim/kbdata_reg[29][31]'
INFO: [Synth 8-3886] merging instance 'kbsim/kbdata_reg[28][9]' (FDCE_1) to 'kbsim/kbdata_reg[28][31]'
INFO: [Synth 8-3886] merging instance 'kbsim/kbdata_reg[27][9]' (FDCE_1) to 'kbsim/kbdata_reg[27][31]'
INFO: [Synth 8-3886] merging instance 'kbsim/kbdata_reg[26][9]' (FDCE_1) to 'kbsim/kbdata_reg[26][31]'
INFO: [Synth 8-3886] merging instance 'kbsim/kbdata_reg[25][9]' (FDCE_1) to 'kbsim/kbdata_reg[25][31]'
INFO: [Synth 8-3886] merging instance 'kbsim/kbdata_reg[24][9]' (FDCE_1) to 'kbsim/kbdata_reg[24][31]'
INFO: [Synth 8-3886] merging instance 'kbsim/kbdata_reg[23][9]' (FDCE_1) to 'kbsim/kbdata_reg[23][31]'
INFO: [Synth 8-3886] merging instance 'kbsim/kbdata_reg[22][9]' (FDCE_1) to 'kbsim/kbdata_reg[22][31]'
INFO: [Synth 8-3886] merging instance 'kbsim/kbdata_reg[21][9]' (FDCE_1) to 'kbsim/kbdata_reg[21][31]'
INFO: [Synth 8-3886] merging instance 'kbsim/kbdata_reg[20][9]' (FDCE_1) to 'kbsim/kbdata_reg[20][31]'
INFO: [Synth 8-3886] merging instance 'kbsim/kbdata_reg[19][9]' (FDCE_1) to 'kbsim/kbdata_reg[19][31]'
INFO: [Synth 8-3886] merging instance 'kbsim/kbdata_reg[18][9]' (FDCE_1) to 'kbsim/kbdata_reg[18][31]'
INFO: [Synth 8-3886] merging instance 'kbsim/kbdata_reg[17][9]' (FDCE_1) to 'kbsim/kbdata_reg[17][31]'
INFO: [Synth 8-3886] merging instance 'kbsim/kbdata_reg[16][9]' (FDCE_1) to 'kbsim/kbdata_reg[16][31]'
INFO: [Synth 8-3886] merging instance 'kbsim/kbdata_reg[15][9]' (FDCE_1) to 'kbsim/kbdata_reg[15][31]'
INFO: [Synth 8-3886] merging instance 'kbsim/kbdata_reg[14][9]' (FDCE_1) to 'kbsim/kbdata_reg[14][31]'
INFO: [Synth 8-3886] merging instance 'kbsim/kbdata_reg[13][9]' (FDCE_1) to 'kbsim/kbdata_reg[13][31]'
INFO: [Synth 8-3886] merging instance 'kbsim/kbdata_reg[12][9]' (FDCE_1) to 'kbsim/kbdata_reg[12][31]'
INFO: [Synth 8-3886] merging instance 'kbsim/kbdata_reg[11][9]' (FDCE_1) to 'kbsim/kbdata_reg[11][31]'
INFO: [Synth 8-3886] merging instance 'kbsim/kbdata_reg[10][9]' (FDCE_1) to 'kbsim/kbdata_reg[10][31]'
INFO: [Synth 8-3886] merging instance 'kbsim/kbdata_reg[9][9]' (FDCE_1) to 'kbsim/kbdata_reg[9][31]'
INFO: [Synth 8-3886] merging instance 'kbsim/kbdata_reg[8][9]' (FDCE_1) to 'kbsim/kbdata_reg[8][31]'
INFO: [Synth 8-3886] merging instance 'kbsim/kbdata_reg[7][9]' (FDCE_1) to 'kbsim/kbdata_reg[7][31]'
INFO: [Synth 8-3886] merging instance 'kbsim/kbdata_reg[6][9]' (FDCE_1) to 'kbsim/kbdata_reg[6][31]'
INFO: [Synth 8-3886] merging instance 'kbsim/kbdata_reg[5][9]' (FDCE_1) to 'kbsim/kbdata_reg[5][31]'
INFO: [Synth 8-3886] merging instance 'kbsim/kbdata_reg[4][9]' (FDCE_1) to 'kbsim/kbdata_reg[4][31]'
INFO: [Synth 8-3886] merging instance 'kbsim/kbdata_reg[3][9]' (FDCE_1) to 'kbsim/kbdata_reg[3][31]'
INFO: [Synth 8-3886] merging instance 'kbsim/kbdata_reg[2][9]' (FDCE_1) to 'kbsim/kbdata_reg[2][31]'
INFO: [Synth 8-3886] merging instance 'kbsim/kbdata_reg[1][9]' (FDCE_1) to 'kbsim/kbdata_reg[1][31]'
INFO: [Synth 8-3886] merging instance 'kbsim/tail_reg[9]' (FDCE_1) to 'kbsim/tail_reg[5]'
INFO: [Synth 8-3886] merging instance 'kbsim/kbdata_reg[0][10]' (FDCE_1) to 'kbsim/kbdata_reg[0][31]'
INFO: [Synth 8-3886] merging instance 'kbsim/kbdata_reg[31][10]' (FDCE_1) to 'kbsim/kbdata_reg[31][7]'
INFO: [Synth 8-3886] merging instance 'kbsim/kbdata_reg[30][10]' (FDCE_1) to 'kbsim/kbdata_reg[30][31]'
INFO: [Synth 8-3886] merging instance 'kbsim/kbdata_reg[29][10]' (FDCE_1) to 'kbsim/kbdata_reg[29][31]'
INFO: [Synth 8-3886] merging instance 'kbsim/kbdata_reg[28][10]' (FDCE_1) to 'kbsim/kbdata_reg[28][31]'
INFO: [Synth 8-3886] merging instance 'kbsim/kbdata_reg[27][10]' (FDCE_1) to 'kbsim/kbdata_reg[27][31]'
INFO: [Synth 8-3886] merging instance 'kbsim/kbdata_reg[26][10]' (FDCE_1) to 'kbsim/kbdata_reg[26][31]'
INFO: [Synth 8-3886] merging instance 'kbsim/kbdata_reg[25][10]' (FDCE_1) to 'kbsim/kbdata_reg[25][31]'
INFO: [Synth 8-3886] merging instance 'kbsim/kbdata_reg[24][10]' (FDCE_1) to 'kbsim/kbdata_reg[24][31]'
INFO: [Synth 8-3886] merging instance 'kbsim/kbdata_reg[23][10]' (FDCE_1) to 'kbsim/kbdata_reg[23][31]'
INFO: [Synth 8-3886] merging instance 'kbsim/kbdata_reg[22][10]' (FDCE_1) to 'kbsim/kbdata_reg[22][31]'
INFO: [Synth 8-3886] merging instance 'kbsim/kbdata_reg[21][10]' (FDCE_1) to 'kbsim/kbdata_reg[21][31]'
INFO: [Synth 8-3886] merging instance 'kbsim/kbdata_reg[20][10]' (FDCE_1) to 'kbsim/kbdata_reg[20][31]'
INFO: [Synth 8-3886] merging instance 'kbsim/kbdata_reg[19][10]' (FDCE_1) to 'kbsim/kbdata_reg[19][31]'
INFO: [Synth 8-3886] merging instance 'kbsim/kbdata_reg[18][10]' (FDCE_1) to 'kbsim/kbdata_reg[18][31]'
INFO: [Synth 8-3886] merging instance 'kbsim/kbdata_reg[17][10]' (FDCE_1) to 'kbsim/kbdata_reg[17][31]'
INFO: [Synth 8-3886] merging instance 'kbsim/kbdata_reg[16][10]' (FDCE_1) to 'kbsim/kbdata_reg[16][31]'
INFO: [Synth 8-3886] merging instance 'kbsim/kbdata_reg[15][10]' (FDCE_1) to 'kbsim/kbdata_reg[15][31]'
INFO: [Synth 8-3886] merging instance 'kbsim/kbdata_reg[14][10]' (FDCE_1) to 'kbsim/kbdata_reg[14][31]'
INFO: [Synth 8-3886] merging instance 'kbsim/kbdata_reg[13][10]' (FDCE_1) to 'kbsim/kbdata_reg[13][31]'
INFO: [Synth 8-3886] merging instance 'kbsim/kbdata_reg[12][10]' (FDCE_1) to 'kbsim/kbdata_reg[12][31]'
INFO: [Synth 8-3886] merging instance 'kbsim/kbdata_reg[11][10]' (FDCE_1) to 'kbsim/kbdata_reg[11][31]'
INFO: [Synth 8-3886] merging instance 'kbsim/kbdata_reg[10][10]' (FDCE_1) to 'kbsim/kbdata_reg[10][31]'
INFO: [Synth 8-3886] merging instance 'kbsim/kbdata_reg[9][10]' (FDCE_1) to 'kbsim/kbdata_reg[9][31]'
INFO: [Synth 8-3886] merging instance 'kbsim/kbdata_reg[8][10]' (FDCE_1) to 'kbsim/kbdata_reg[8][31]'
INFO: [Synth 8-3886] merging instance 'kbsim/kbdata_reg[7][10]' (FDCE_1) to 'kbsim/kbdata_reg[7][31]'
INFO: [Synth 8-3886] merging instance 'kbsim/kbdata_reg[6][10]' (FDCE_1) to 'kbsim/kbdata_reg[6][31]'
INFO: [Synth 8-3886] merging instance 'kbsim/kbdata_reg[5][10]' (FDCE_1) to 'kbsim/kbdata_reg[5][31]'
INFO: [Synth 8-3886] merging instance 'kbsim/kbdata_reg[4][10]' (FDCE_1) to 'kbsim/kbdata_reg[4][31]'
INFO: [Synth 8-3886] merging instance 'kbsim/kbdata_reg[3][10]' (FDCE_1) to 'kbsim/kbdata_reg[3][31]'
INFO: [Synth 8-3886] merging instance 'kbsim/kbdata_reg[2][10]' (FDCE_1) to 'kbsim/kbdata_reg[2][31]'
INFO: [Synth 8-3886] merging instance 'kbsim/kbdata_reg[1][10]' (FDCE_1) to 'kbsim/kbdata_reg[1][31]'
INFO: [Synth 8-3886] merging instance 'kbsim/tail_reg[10]' (FDCE_1) to 'kbsim/tail_reg[5]'
INFO: [Synth 8-3886] merging instance 'kbsim/kbdata_reg[0][11]' (FDCE_1) to 'kbsim/kbdata_reg[0][31]'
INFO: [Common 17-14] Message 'Synth 8-3886' appears 100 times and further instances of the messages will be disabled. Use the Tcl command set_msg_config to change the current settings.
INFO: [Common 17-14] Message 'Synth 8-3886' appears 100 times and further instances of the messages will be disabled. Use the Tcl command set_msg_config to change the current settings.
INFO: [Synth 8-3333] propagating constant 0 across sequential element (kbsim/\kbdata_reg[0][7] )
INFO: [Synth 8-3333] propagating constant 0 across sequential element (kbsim/\kbdata_reg[31][7] )
INFO: [Synth 8-3333] propagating constant 0 across sequential element (kbsim/\kbdata_reg[30][7] )
INFO: [Synth 8-3333] propagating constant 0 across sequential element (kbsim/\kbdata_reg[29][7] )
INFO: [Synth 8-3333] propagating constant 0 across sequential element (kbsim/\kbdata_reg[28][7] )
INFO: [Synth 8-3333] propagating constant 0 across sequential element (kbsim/\kbdata_reg[27][7] )
INFO: [Synth 8-3333] propagating constant 0 across sequential element (kbsim/\kbdata_reg[26][7] )
INFO: [Synth 8-3333] propagating constant 0 across sequential element (kbsim/\kbdata_reg[25][7] )
INFO: [Synth 8-3333] propagating constant 0 across sequential element (kbsim/\kbdata_reg[24][7] )
INFO: [Synth 8-3333] propagating constant 0 across sequential element (kbsim/\kbdata_reg[23][7] )
INFO: [Synth 8-3333] propagating constant 0 across sequential element (kbsim/\kbdata_reg[22][7] )
INFO: [Synth 8-3333] propagating constant 0 across sequential element (kbsim/\kbdata_reg[21][7] )
INFO: [Synth 8-3333] propagating constant 0 across sequential element (kbsim/\kbdata_reg[20][7] )
INFO: [Synth 8-3333] propagating constant 0 across sequential element (kbsim/\kbdata_reg[19][7] )
INFO: [Synth 8-3333] propagating constant 0 across sequential element (kbsim/\kbdata_reg[18][7] )
INFO: [Synth 8-3333] propagating constant 0 across sequential element (kbsim/\kbdata_reg[17][7] )
INFO: [Synth 8-3333] propagating constant 0 across sequential element (kbsim/\kbdata_reg[16][7] )
INFO: [Synth 8-3333] propagating constant 0 across sequential element (kbsim/\kbdata_reg[15][7] )
INFO: [Synth 8-3333] propagating constant 0 across sequential element (kbsim/\kbdata_reg[14][7] )
INFO: [Synth 8-3333] propagating constant 0 across sequential element (kbsim/\kbdata_reg[13][7] )
INFO: [Synth 8-3333] propagating constant 0 across sequential element (kbsim/\kbdata_reg[12][7] )
INFO: [Synth 8-3333] propagating constant 0 across sequential element (kbsim/\kbdata_reg[11][7] )
INFO: [Synth 8-3333] propagating constant 0 across sequential element (kbsim/\kbdata_reg[10][7] )
INFO: [Synth 8-3333] propagating constant 0 across sequential element (kbsim/\kbdata_reg[9][7] )
INFO: [Synth 8-3333] propagating constant 0 across sequential element (kbsim/\kbdata_reg[8][7] )
INFO: [Synth 8-3333] propagating constant 0 across sequential element (kbsim/\kbdata_reg[7][7] )
INFO: [Synth 8-3333] propagating constant 0 across sequential element (kbsim/\kbdata_reg[6][7] )
INFO: [Synth 8-3333] propagating constant 0 across sequential element (kbsim/\kbdata_reg[5][7] )
INFO: [Synth 8-3333] propagating constant 0 across sequential element (kbsim/\kbdata_reg[4][7] )
INFO: [Synth 8-3333] propagating constant 0 across sequential element (kbsim/\kbdata_reg[3][7] )
INFO: [Synth 8-3333] propagating constant 0 across sequential element (kbsim/\kbdata_reg[2][7] )
INFO: [Synth 8-3333] propagating constant 0 across sequential element (kbsim/\kbdata_reg[1][7] )
INFO: [Synth 8-3333] propagating constant 0 across sequential element (kbsim/\tail_reg[7] )
INFO: [Synth 8-3333] propagating constant 0 across sequential element (\cursor_x_reg[7] )
WARNING: [Synth 8-7129] Port clk in module ASCII is either unconnected or has no load
---------------------------------------------------------------------------------
Finished Cross Boundary and Area Optimization : Time (s): cpu = 00:00:44 ; elapsed = 00:02:35 . Memory (MB): peak = 1678.629 ; gain = 660.398
---------------------------------------------------------------------------------
---------------------------------------------------------------------------------
Start ROM, RAM, DSP, Shift Register and Retiming Reporting
---------------------------------------------------------------------------------

ROM: Preliminary Mapping	Report
+------------+------------+---------------+----------------+
|Module Name | RTL Object | Depth x Width | Implemented As | 
+------------+------------+---------------+----------------+
|InstrMem    | p_0_out    | 2048x31       | LUT            | 
+------------+------------+---------------+----------------+


Block RAM: Preliminary Mapping	Report (see note below)
+--------------+------------+------------------------+---+---+------------------------+---+---+------------------+--------+--------+
|Module Name   | RTL Object | PORT A (Depth x Width) | W | R | PORT B (Depth x Width) | W | R | Ports driving FF | RAMB18 | RAMB36 | 
+--------------+------------+------------------------+---+---+------------------------+---+---+------------------+--------+--------+
|mydatamem_top | ram_reg    | 64 K x 32(READ_FIRST)  | W |   | 64 K x 32(WRITE_FIRST) |   | R | Port A and B     | 0      | 64     | 
+--------------+------------+------------------------+---+---+------------------------+---+---+------------------+--------+--------+

Note: The table above is a preliminary report that shows the Block RAMs at the current stage of the synthesis flow. Some Block RAMs may be reimplemented as non Block RAM primitives later in the synthesis flow. Multiple instantiated Block RAMs are reported only once. 
---------------------------------------------------------------------------------
Finished ROM, RAM, DSP, Shift Register and Retiming Reporting
---------------------------------------------------------------------------------
---------------------------------------------------------------------------------
Start Applying XDC Timing Constraints
---------------------------------------------------------------------------------
---------------------------------------------------------------------------------
Finished Applying XDC Timing Constraints : Time (s): cpu = 00:00:44 ; elapsed = 00:02:40 . Memory (MB): peak = 1678.629 ; gain = 660.398
---------------------------------------------------------------------------------
---------------------------------------------------------------------------------
Start Timing Optimization
---------------------------------------------------------------------------------
---------------------------------------------------------------------------------
Finished Timing Optimization : Time (s): cpu = 00:00:46 ; elapsed = 00:02:43 . Memory (MB): peak = 1678.629 ; gain = 660.398
---------------------------------------------------------------------------------
---------------------------------------------------------------------------------
Start ROM, RAM, DSP, Shift Register and Retiming Reporting
---------------------------------------------------------------------------------

Block RAM: Final Mapping	Report
+--------------+------------+------------------------+---+---+------------------------+---+---+------------------+--------+--------+
|Module Name   | RTL Object | PORT A (Depth x Width) | W | R | PORT B (Depth x Width) | W | R | Ports driving FF | RAMB18 | RAMB36 | 
+--------------+------------+------------------------+---+---+------------------------+---+---+------------------+--------+--------+
|mydatamem_top | ram_reg    | 64 K x 32(READ_FIRST)  | W |   | 64 K x 32(WRITE_FIRST) |   | R | Port A and B     | 0      | 64     | 
+--------------+------------+------------------------+---+---+------------------------+---+---+------------------+--------+--------+

---------------------------------------------------------------------------------
Finished ROM, RAM, DSP, Shift Register and Retiming Reporting
---------------------------------------------------------------------------------
---------------------------------------------------------------------------------
Start Technology Mapping
---------------------------------------------------------------------------------
INFO: [Synth 8-7052] The timing for the instance i_0/mydatamem_top/ram_reg_1_0 (implemented as a Block RAM) might be sub-optimal as no optional output register could be merged into the ram block. Providing additional output register may help in improving timing.
INFO: [Synth 8-7052] The timing for the instance i_0/mydatamem_top/ram_reg_1_1 (implemented as a Block RAM) might be sub-optimal as no optional output register could be merged into the ram block. Providing additional output register may help in improving timing.
INFO: [Synth 8-7052] The timing for the instance i_0/mydatamem_top/ram_reg_1_2 (implemented as a Block RAM) might be sub-optimal as no optional output register could be merged into the ram block. Providing additional output register may help in improving timing.
INFO: [Synth 8-7052] The timing for the instance i_0/mydatamem_top/ram_reg_1_3 (implemented as a Block RAM) might be sub-optimal as no optional output register could be merged into the ram block. Providing additional output register may help in improving timing.
INFO: [Synth 8-7052] The timing for the instance i_0/mydatamem_top/ram_reg_1_4 (implemented as a Block RAM) might be sub-optimal as no optional output register could be merged into the ram block. Providing additional output register may help in improving timing.
INFO: [Synth 8-7052] The timing for the instance i_0/mydatamem_top/ram_reg_1_5 (implemented as a Block RAM) might be sub-optimal as no optional output register could be merged into the ram block. Providing additional output register may help in improving timing.
INFO: [Synth 8-7052] The timing for the instance i_0/mydatamem_top/ram_reg_1_6 (implemented as a Block RAM) might be sub-optimal as no optional output register could be merged into the ram block. Providing additional output register may help in improving timing.
INFO: [Synth 8-7052] The timing for the instance i_0/mydatamem_top/ram_reg_1_7 (implemented as a Block RAM) might be sub-optimal as no optional output register could be merged into the ram block. Providing additional output register may help in improving timing.
INFO: [Synth 8-7052] The timing for the instance i_0/mydatamem_top/ram_reg_1_8 (implemented as a Block RAM) might be sub-optimal as no optional output register could be merged into the ram block. Providing additional output register may help in improving timing.
INFO: [Synth 8-7052] The timing for the instance i_0/mydatamem_top/ram_reg_1_9 (implemented as a Block RAM) might be sub-optimal as no optional output register could be merged into the ram block. Providing additional output register may help in improving timing.
INFO: [Synth 8-7052] The timing for the instance i_0/mydatamem_top/ram_reg_1_10 (implemented as a Block RAM) might be sub-optimal as no optional output register could be merged into the ram block. Providing additional output register may help in improving timing.
INFO: [Synth 8-7052] The timing for the instance i_0/mydatamem_top/ram_reg_1_11 (implemented as a Block RAM) might be sub-optimal as no optional output register could be merged into the ram block. Providing additional output register may help in improving timing.
INFO: [Synth 8-7052] The timing for the instance i_0/mydatamem_top/ram_reg_1_12 (implemented as a Block RAM) might be sub-optimal as no optional output register could be merged into the ram block. Providing additional output register may help in improving timing.
INFO: [Synth 8-7052] The timing for the instance i_0/mydatamem_top/ram_reg_1_13 (implemented as a Block RAM) might be sub-optimal as no optional output register could be merged into the ram block. Providing additional output register may help in improving timing.
INFO: [Synth 8-7052] The timing for the instance i_0/mydatamem_top/ram_reg_1_14 (implemented as a Block RAM) might be sub-optimal as no optional output register could be merged into the ram block. Providing additional output register may help in improving timing.
INFO: [Synth 8-7052] The timing for the instance i_0/mydatamem_top/ram_reg_1_15 (implemented as a Block RAM) might be sub-optimal as no optional output register could be merged into the ram block. Providing additional output register may help in improving timing.
INFO: [Synth 8-7052] The timing for the instance i_0/mydatamem_top/ram_reg_1_16 (implemented as a Block RAM) might be sub-optimal as no optional output register could be merged into the ram block. Providing additional output register may help in improving timing.
INFO: [Synth 8-7052] The timing for the instance i_0/mydatamem_top/ram_reg_1_17 (implemented as a Block RAM) might be sub-optimal as no optional output register could be merged into the ram block. Providing additional output register may help in improving timing.
INFO: [Synth 8-7052] The timing for the instance i_0/mydatamem_top/ram_reg_1_18 (implemented as a Block RAM) might be sub-optimal as no optional output register could be merged into the ram block. Providing additional output register may help in improving timing.
INFO: [Synth 8-7052] The timing for the instance i_0/mydatamem_top/ram_reg_1_19 (implemented as a Block RAM) might be sub-optimal as no optional output register could be merged into the ram block. Providing additional output register may help in improving timing.
INFO: [Synth 8-7052] The timing for the instance i_0/mydatamem_top/ram_reg_1_20 (implemented as a Block RAM) might be sub-optimal as no optional output register could be merged into the ram block. Providing additional output register may help in improving timing.
INFO: [Synth 8-7052] The timing for the instance i_0/mydatamem_top/ram_reg_1_21 (implemented as a Block RAM) might be sub-optimal as no optional output register could be merged into the ram block. Providing additional output register may help in improving timing.
INFO: [Synth 8-7052] The timing for the instance i_0/mydatamem_top/ram_reg_1_22 (implemented as a Block RAM) might be sub-optimal as no optional output register could be merged into the ram block. Providing additional output register may help in improving timing.
INFO: [Synth 8-7052] The timing for the instance i_0/mydatamem_top/ram_reg_1_23 (implemented as a Block RAM) might be sub-optimal as no optional output register could be merged into the ram block. Providing additional output register may help in improving timing.
INFO: [Synth 8-7052] The timing for the instance i_0/mydatamem_top/ram_reg_1_24 (implemented as a Block RAM) might be sub-optimal as no optional output register could be merged into the ram block. Providing additional output register may help in improving timing.
INFO: [Synth 8-7052] The timing for the instance i_0/mydatamem_top/ram_reg_1_25 (implemented as a Block RAM) might be sub-optimal as no optional output register could be merged into the ram block. Providing additional output register may help in improving timing.
INFO: [Synth 8-7052] The timing for the instance i_0/mydatamem_top/ram_reg_1_26 (implemented as a Block RAM) might be sub-optimal as no optional output register could be merged into the ram block. Providing additional output register may help in improving timing.
INFO: [Synth 8-7052] The timing for the instance i_0/mydatamem_top/ram_reg_1_27 (implemented as a Block RAM) might be sub-optimal as no optional output register could be merged into the ram block. Providing additional output register may help in improving timing.
INFO: [Synth 8-7052] The timing for the instance i_0/mydatamem_top/ram_reg_1_28 (implemented as a Block RAM) might be sub-optimal as no optional output register could be merged into the ram block. Providing additional output register may help in improving timing.
INFO: [Synth 8-7052] The timing for the instance i_0/mydatamem_top/ram_reg_1_29 (implemented as a Block RAM) might be sub-optimal as no optional output register could be merged into the ram block. Providing additional output register may help in improving timing.
INFO: [Synth 8-7052] The timing for the instance i_0/mydatamem_top/ram_reg_1_30 (implemented as a Block RAM) might be sub-optimal as no optional output register could be merged into the ram block. Providing additional output register may help in improving timing.
INFO: [Synth 8-7052] The timing for the instance i_0/mydatamem_top/ram_reg_1_31 (implemented as a Block RAM) might be sub-optimal as no optional output register could be merged into the ram block. Providing additional output register may help in improving timing.
---------------------------------------------------------------------------------
Finished Technology Mapping : Time (s): cpu = 00:00:48 ; elapsed = 00:02:56 . Memory (MB): peak = 1678.629 ; gain = 660.398
---------------------------------------------------------------------------------
---------------------------------------------------------------------------------
Start IO Insertion
---------------------------------------------------------------------------------
---------------------------------------------------------------------------------
Start Flattening Before IO Insertion
---------------------------------------------------------------------------------
---------------------------------------------------------------------------------
Finished Flattening Before IO Insertion
---------------------------------------------------------------------------------
---------------------------------------------------------------------------------
Start Final Netlist Cleanup
---------------------------------------------------------------------------------
INFO: [Synth 8-7052] The timing for the instance mydatamem_top/ram_reg_1_0 (implemented as a Block RAM) might be sub-optimal as no optional output register could be merged into the ram block. Providing additional output register may help in improving timing.
INFO: [Synth 8-7052] The timing for the instance mydatamem_top/ram_reg_1_1 (implemented as a Block RAM) might be sub-optimal as no optional output register could be merged into the ram block. Providing additional output register may help in improving timing.
INFO: [Synth 8-7052] The timing for the instance mydatamem_top/ram_reg_1_2 (implemented as a Block RAM) might be sub-optimal as no optional output register could be merged into the ram block. Providing additional output register may help in improving timing.
INFO: [Synth 8-7052] The timing for the instance mydatamem_top/ram_reg_1_3 (implemented as a Block RAM) might be sub-optimal as no optional output register could be merged into the ram block. Providing additional output register may help in improving timing.
INFO: [Synth 8-7052] The timing for the instance mydatamem_top/ram_reg_1_4 (implemented as a Block RAM) might be sub-optimal as no optional output register could be merged into the ram block. Providing additional output register may help in improving timing.
INFO: [Synth 8-7052] The timing for the instance mydatamem_top/ram_reg_1_5 (implemented as a Block RAM) might be sub-optimal as no optional output register could be merged into the ram block. Providing additional output register may help in improving timing.
INFO: [Synth 8-7052] The timing for the instance mydatamem_top/ram_reg_1_6 (implemented as a Block RAM) might be sub-optimal as no optional output register could be merged into the ram block. Providing additional output register may help in improving timing.
INFO: [Synth 8-7052] The timing for the instance mydatamem_top/ram_reg_1_7 (implemented as a Block RAM) might be sub-optimal as no optional output register could be merged into the ram block. Providing additional output register may help in improving timing.
INFO: [Synth 8-7052] The timing for the instance mydatamem_top/ram_reg_1_8 (implemented as a Block RAM) might be sub-optimal as no optional output register could be merged into the ram block. Providing additional output register may help in improving timing.
INFO: [Synth 8-7052] The timing for the instance mydatamem_top/ram_reg_1_9 (implemented as a Block RAM) might be sub-optimal as no optional output register could be merged into the ram block. Providing additional output register may help in improving timing.
INFO: [Synth 8-7052] The timing for the instance mydatamem_top/ram_reg_1_10 (implemented as a Block RAM) might be sub-optimal as no optional output register could be merged into the ram block. Providing additional output register may help in improving timing.
INFO: [Synth 8-7052] The timing for the instance mydatamem_top/ram_reg_1_11 (implemented as a Block RAM) might be sub-optimal as no optional output register could be merged into the ram block. Providing additional output register may help in improving timing.
INFO: [Synth 8-7052] The timing for the instance mydatamem_top/ram_reg_1_12 (implemented as a Block RAM) might be sub-optimal as no optional output register could be merged into the ram block. Providing additional output register may help in improving timing.
INFO: [Synth 8-7052] The timing for the instance mydatamem_top/ram_reg_1_13 (implemented as a Block RAM) might be sub-optimal as no optional output register could be merged into the ram block. Providing additional output register may help in improving timing.
INFO: [Synth 8-7052] The timing for the instance mydatamem_top/ram_reg_1_14 (implemented as a Block RAM) might be sub-optimal as no optional output register could be merged into the ram block. Providing additional output register may help in improving timing.
INFO: [Synth 8-7052] The timing for the instance mydatamem_top/ram_reg_1_15 (implemented as a Block RAM) might be sub-optimal as no optional output register could be merged into the ram block. Providing additional output register may help in improving timing.
INFO: [Synth 8-7052] The timing for the instance mydatamem_top/ram_reg_1_16 (implemented as a Block RAM) might be sub-optimal as no optional output register could be merged into the ram block. Providing additional output register may help in improving timing.
INFO: [Synth 8-7052] The timing for the instance mydatamem_top/ram_reg_1_17 (implemented as a Block RAM) might be sub-optimal as no optional output register could be merged into the ram block. Providing additional output register may help in improving timing.
INFO: [Synth 8-7052] The timing for the instance mydatamem_top/ram_reg_1_18 (implemented as a Block RAM) might be sub-optimal as no optional output register could be merged into the ram block. Providing additional output register may help in improving timing.
INFO: [Synth 8-7052] The timing for the instance mydatamem_top/ram_reg_1_19 (implemented as a Block RAM) might be sub-optimal as no optional output register could be merged into the ram block. Providing additional output register may help in improving timing.
INFO: [Synth 8-7052] The timing for the instance mydatamem_top/ram_reg_1_20 (implemented as a Block RAM) might be sub-optimal as no optional output register could be merged into the ram block. Providing additional output register may help in improving timing.
INFO: [Synth 8-7052] The timing for the instance mydatamem_top/ram_reg_1_21 (implemented as a Block RAM) might be sub-optimal as no optional output register could be merged into the ram block. Providing additional output register may help in improving timing.
INFO: [Synth 8-7052] The timing for the instance mydatamem_top/ram_reg_1_22 (implemented as a Block RAM) might be sub-optimal as no optional output register could be merged into the ram block. Providing additional output register may help in improving timing.
INFO: [Synth 8-7052] The timing for the instance mydatamem_top/ram_reg_1_23 (implemented as a Block RAM) might be sub-optimal as no optional output register could be merged into the ram block. Providing additional output register may help in improving timing.
INFO: [Synth 8-7052] The timing for the instance mydatamem_top/ram_reg_1_24 (implemented as a Block RAM) might be sub-optimal as no optional output register could be merged into the ram block. Providing additional output register may help in improving timing.
INFO: [Synth 8-7052] The timing for the instance mydatamem_top/ram_reg_1_25 (implemented as a Block RAM) might be sub-optimal as no optional output register could be merged into the ram block. Providing additional output register may help in improving timing.
INFO: [Synth 8-7052] The timing for the instance mydatamem_top/ram_reg_1_26 (implemented as a Block RAM) might be sub-optimal as no optional output register could be merged into the ram block. Providing additional output register may help in improving timing.
INFO: [Synth 8-7052] The timing for the instance mydatamem_top/ram_reg_1_27 (implemented as a Block RAM) might be sub-optimal as no optional output register could be merged into the ram block. Providing additional output register may help in improving timing.
INFO: [Synth 8-7052] The timing for the instance mydatamem_top/ram_reg_1_28 (implemented as a Block RAM) might be sub-optimal as no optional output register could be merged into the ram block. Providing additional output register may help in improving timing.
INFO: [Synth 8-7052] The timing for the instance mydatamem_top/ram_reg_1_29 (implemented as a Block RAM) might be sub-optimal as no optional output register could be merged into the ram block. Providing additional output register may help in improving timing.
INFO: [Synth 8-7052] The timing for the instance mydatamem_top/ram_reg_1_30 (implemented as a Block RAM) might be sub-optimal as no optional output register could be merged into the ram block. Providing additional output register may help in improving timing.
INFO: [Synth 8-7052] The timing for the instance mydatamem_top/ram_reg_1_31 (implemented as a Block RAM) might be sub-optimal as no optional output register could be merged into the ram block. Providing additional output register may help in improving timing.
---------------------------------------------------------------------------------
Finished Final Netlist Cleanup
---------------------------------------------------------------------------------
---------------------------------------------------------------------------------
Finished IO Insertion : Time (s): cpu = 00:00:51 ; elapsed = 00:03:02 . Memory (MB): peak = 1678.629 ; gain = 660.398
---------------------------------------------------------------------------------
---------------------------------------------------------------------------------
Start Renaming Generated Instances
---------------------------------------------------------------------------------
---------------------------------------------------------------------------------
Finished Renaming Generated Instances : Time (s): cpu = 00:00:51 ; elapsed = 00:03:02 . Memory (MB): peak = 1678.629 ; gain = 660.398
---------------------------------------------------------------------------------
---------------------------------------------------------------------------------
Start Rebuilding User Hierarchy
---------------------------------------------------------------------------------
---------------------------------------------------------------------------------
Finished Rebuilding User Hierarchy : Time (s): cpu = 00:00:52 ; elapsed = 00:03:05 . Memory (MB): peak = 1678.629 ; gain = 660.398
---------------------------------------------------------------------------------
---------------------------------------------------------------------------------
Start Renaming Generated Ports
---------------------------------------------------------------------------------
---------------------------------------------------------------------------------
Finished Renaming Generated Ports : Time (s): cpu = 00:00:52 ; elapsed = 00:03:06 . Memory (MB): peak = 1678.629 ; gain = 660.398
---------------------------------------------------------------------------------
---------------------------------------------------------------------------------
Start Handling Custom Attributes
---------------------------------------------------------------------------------
---------------------------------------------------------------------------------
Finished Handling Custom Attributes : Time (s): cpu = 00:00:53 ; elapsed = 00:03:07 . Memory (MB): peak = 1678.629 ; gain = 660.398
---------------------------------------------------------------------------------
---------------------------------------------------------------------------------
Start Renaming Generated Nets
---------------------------------------------------------------------------------
---------------------------------------------------------------------------------
Finished Renaming Generated Nets : Time (s): cpu = 00:00:53 ; elapsed = 00:03:07 . Memory (MB): peak = 1678.629 ; gain = 660.398
---------------------------------------------------------------------------------
---------------------------------------------------------------------------------
Start Writing Synthesis Report
---------------------------------------------------------------------------------

Report BlackBoxes: 
+-+--------------+----------+
| |BlackBox name |Instances |
+-+--------------+----------+
+-+--------------+----------+

Report Cell Usage: 
+------+---------+------+
|      |Cell     |Count |
+------+---------+------+
|1     |BUFG     |     8|
|2     |CARRY4   |    45|
|3     |LUT1     |    31|
|4     |LUT2     |   271|
|5     |LUT3     |   670|
|6     |LUT4     |   243|
|7     |LUT5     |  1519|
|8     |LUT6     | 15453|
|9     |MUXF7    |  5043|
|10    |MUXF8    |   463|
|11    |RAMB36E1 |    64|
|42    |FDCE     | 20497|
|43    |FDRE     |   298|
|44    |FDSE     |     1|
|45    |LD       |   660|
|46    |LDC      |    15|
|47    |LDCP     |     1|
|48    |IBUF     |     5|
|49    |OBUF     |    29|
+------+---------+------+
---------------------------------------------------------------------------------
Finished Writing Synthesis Report : Time (s): cpu = 00:00:53 ; elapsed = 00:03:07 . Memory (MB): peak = 1678.629 ; gain = 660.398
---------------------------------------------------------------------------------
Synthesis finished with 0 errors, 0 critical warnings and 42 warnings.
Synthesis Optimization Runtime : Time (s): cpu = 00:00:39 ; elapsed = 00:02:58 . Memory (MB): peak = 1678.629 ; gain = 615.555
Synthesis Optimization Complete : Time (s): cpu = 00:00:53 ; elapsed = 00:03:08 . Memory (MB): peak = 1678.629 ; gain = 660.398
INFO: [Project 1-571] Translating synthesized netlist
Netlist sorting complete. Time (s): cpu = 00:00:00 ; elapsed = 00:00:00.751 . Memory (MB): peak = 1685.211 ; gain = 0.000
INFO: [Netlist 29-17] Analyzing 6291 Unisim elements for replacement
INFO: [Netlist 29-28] Unisim Transformation completed in 0 CPU seconds
INFO: [Project 1-570] Preparing netlist for logic optimization
INFO: [Opt 31-138] Pushed 1 inverter(s) to 64 load pin(s).
Netlist sorting complete. Time (s): cpu = 00:00:00 ; elapsed = 00:00:00.007 . Memory (MB): peak = 1739.020 ; gain = 0.000
INFO: [Project 1-111] Unisim Transformation Summary:
  A total of 676 instances were transformed.
  LD => LDCE: 660 instances
  LDC => LDCE: 15 instances
  LDCP => LDCP (GND, LDCE, LUT3(x2), VCC): 1 instance 

INFO: [Common 17-83] Releasing license: Synthesis
277 Infos, 54 Warnings, 0 Critical Warnings and 0 Errors encountered.
synth_design completed successfully
synth_design: Time (s): cpu = 00:00:59 ; elapsed = 00:03:23 . Memory (MB): peak = 1739.020 ; gain = 720.789
INFO: [Common 17-1381] The checkpoint 'C:/Users/lizheng/Desktop/VivadoLab/LAB11/project_11/project_11.runs/synth_1/xterm.dcp' has been generated.
write_checkpoint: Time (s): cpu = 00:00:03 ; elapsed = 00:00:06 . Memory (MB): peak = 1739.020 ; gain = 0.000
INFO: [runtcl-4] Executing : report_utilization -file xterm_utilization_synth.rpt -pb xterm_utilization_synth.pb
INFO: [Common 17-206] Exiting Vivado at Mon Dec 25 13:45:55 2023...
