Copyright 1986-2020 Xilinx, Inc. All Rights Reserved.
----------------------------------------------------------------------------------------
| Tool Version : Vivado v.2020.2 (win64) Build 3064766 Wed Nov 18 09:12:45 MST 2020
| Date         : Tue Oct 31 14:45:30 2023
| Host         : Cookiecoolkid running 64-bit major release  (build 9200)
| Command      : report_control_sets -verbose -file KeyboardSim_control_sets_placed.rpt
| Design       : KeyboardSim
| Device       : xc7a100t
----------------------------------------------------------------------------------------

Control Set Information

Table of Contents
-----------------
1. Summary
2. Histogram
3. Flip-Flop Distribution
4. Detailed Control Set Information

1. Summary
----------

+----------------------------------------------------------+-------+
|                          Status                          | Count |
+----------------------------------------------------------+-------+
| Total control sets                                       |    21 |
|    Minimum number of control sets                        |    21 |
|    Addition due to synthesis replication                 |     0 |
|    Addition due to physical synthesis replication        |     0 |
| Unused register locations in slices containing registers |   109 |
+----------------------------------------------------------+-------+
* Control sets can be merged at opt_design using control_set_merge or merge_equivalent_drivers
** Run report_qor_suggestions for automated merging and remapping suggestions


2. Histogram
------------

+--------------------+-------+
|       Fanout       | Count |
+--------------------+-------+
| Total control sets |    21 |
| >= 0 to < 4        |    11 |
| >= 4 to < 6        |     3 |
| >= 6 to < 8        |     2 |
| >= 8 to < 10       |     2 |
| >= 10 to < 12      |     1 |
| >= 12 to < 14      |     0 |
| >= 14 to < 16      |     0 |
| >= 16              |     2 |
+--------------------+-------+
* Control sets can be remapped at either synth_design or opt_design


3. Flip-Flop Distribution
-------------------------

+--------------+-----------------------+------------------------+-----------------+--------------+
| Clock Enable | Synchronous Set/Reset | Asynchronous Set/Reset | Total Registers | Total Slices |
+--------------+-----------------------+------------------------+-----------------+--------------+
| No           | No                    | No                     |              40 |           16 |
| No           | No                    | Yes                    |               7 |            1 |
| No           | Yes                   | No                     |               0 |            0 |
| Yes          | No                    | No                     |              20 |           13 |
| Yes          | No                    | Yes                    |              24 |            7 |
| Yes          | Yes                   | No                     |              16 |            7 |
+--------------+-----------------------+------------------------+-----------------+--------------+


4. Detailed Control Set Information
-----------------------------------

+---------------------------+---------------------------------------+-----------------------------------+------------------+----------------+--------------+
|        Clock Signal       |             Enable Signal             |          Set/Reset Signal         | Slice Load Count | Bel Load Count | Bels / Slice |
+---------------------------+---------------------------------------+-----------------------------------+------------------+----------------+--------------+
|  CLK50MHZ_BUFG            | keyboard_uut/E[4]                     |                                   |                1 |              1 |         1.00 |
|  CLK50MHZ_BUFG            | keyboard_uut/E[1]                     |                                   |                1 |              1 |         1.00 |
|  CLK50MHZ_BUFG            | keyboard_uut/E[0]                     |                                   |                1 |              1 |         1.00 |
|  CLK50MHZ_BUFG            | keyboard_uut/E[2]                     |                                   |                1 |              1 |         1.00 |
|  CLK50MHZ_BUFG            | keyboard_uut/E[3]                     |                                   |                1 |              1 |         1.00 |
|  CLK50MHZ_BUFG            | keyboard_uut/E[5]                     |                                   |                1 |              1 |         1.00 |
|  CLK50MHZ_BUFG            | keyboard_uut/debounce/O10_out         |                                   |                1 |              1 |         1.00 |
|  CLK50MHZ_BUFG            | keyboard_uut/debounce/O01_out         |                                   |                1 |              1 |         1.00 |
|  CLK50MHZ_BUFG            | keyboard_uut/debounce/clear           |                                   |                1 |              1 |         1.00 |
|  CLK50MHZ_BUFG            | keyboard_uut/debounce/Iv1_i_1_n_0     |                                   |                1 |              1 |         1.00 |
|  flag_BUFG                |                                       |                                   |                1 |              2 |         2.00 |
|  CLK50MHZ_BUFG            |                                       |                                   |                3 |              4 |         1.33 |
| ~keyboard_uut/debounce/O0 | keyboard_uut/cnt                      | keyboard_uut/cnt[3]_i_1_n_0       |                1 |              4 |         4.00 |
|  CLK50MHZ_BUFG            | keyboard_uut/debounce/cnt1[4]_i_1_n_0 | keyboard_uut/debounce/Iv1_i_1_n_0 |                1 |              5 |         5.00 |
|  CLK50MHZ_BUFG            |                                       | BTNC_IBUF                         |                1 |              7 |         7.00 |
|  CLK50MHZ_BUFG            | keyboard_uut/LED1                     | keyboard_uut/keycode_reg[0]_0     |                5 |              7 |         1.40 |
|  flag_BUFG                | keyboard_uut/count[7]_i_1_n_0         | BTNC_IBUF                         |                3 |              8 |         2.67 |
| ~keyboard_uut/debounce/O0 |                                       |                                   |                3 |              9 |         3.00 |
|  flag_BUFG                | keyboard_uut/dataprev                 |                                   |                3 |             10 |         3.33 |
|  flag_BUFG                | keyboard_uut/keycode0                 | BTNC_IBUF                         |                4 |             16 |         4.00 |
|  CLK100MHZ_IBUF_BUFG      |                                       |                                   |                9 |             25 |         2.78 |
+---------------------------+---------------------------------------+-----------------------------------+------------------+----------------+--------------+


