Copyright 1986-2020 Xilinx, Inc. All Rights Reserved.
--------------------------------------------------------------------------------------------------------------------------------------------------------------------
| Tool Version : Vivado v.2020.2 (win64) Build 3064766 Wed Nov 18 09:12:45 MST 2020
| Date         : Tue Nov 14 14:43:31 2023
| Host         : Cookiecoolkid running 64-bit major release  (build 9200)
| Command      : report_methodology -file mem32b_top_methodology_drc_routed.rpt -pb mem32b_top_methodology_drc_routed.pb -rpx mem32b_top_methodology_drc_routed.rpx
| Design       : mem32b_top
| Device       : xc7a100tcsg324-1
| Speed File   : -1
| Design State : Fully Routed
--------------------------------------------------------------------------------------------------------------------------------------------------------------------

Report Methodology

Table of Contents
-----------------
1. REPORT SUMMARY
2. REPORT DETAILS

1. REPORT SUMMARY
-----------------
            Netlist: netlist
          Floorplan: design_1
      Design limits: <entire design considered>
             Max violations: <unlimited>
             Violations found: 92
+-----------+------------------+-------------------------------+------------+
| Rule      | Severity         | Description                   | Violations |
+-----------+------------------+-------------------------------+------------+
| TIMING-17 | Critical Warning | Non-clocked sequential cell   | 23         |
| TIMING-18 | Warning          | Missing input or output delay | 5          |
| TIMING-20 | Warning          | Non-clocked latch             | 64         |
+-----------+------------------+-------------------------------+------------+

2. REPORT DETAILS
-----------------
TIMING-17#1 Critical Warning
Non-clocked sequential cell  
The clock pin I_reg[0]/C is not reached by a timing clock
Related violations: <none>

TIMING-17#2 Critical Warning
Non-clocked sequential cell  
The clock pin I_reg[1]/C is not reached by a timing clock
Related violations: <none>

TIMING-17#3 Critical Warning
Non-clocked sequential cell  
The clock pin I_reg[2]/C is not reached by a timing clock
Related violations: <none>

TIMING-17#4 Critical Warning
Non-clocked sequential cell  
The clock pin I_reg[3]/C is not reached by a timing clock
Related violations: <none>

TIMING-17#5 Critical Warning
Non-clocked sequential cell  
The clock pin countdown_reg[0]/C is not reached by a timing clock
Related violations: <none>

TIMING-17#6 Critical Warning
Non-clocked sequential cell  
The clock pin countdown_reg[10]/C is not reached by a timing clock
Related violations: <none>

TIMING-17#7 Critical Warning
Non-clocked sequential cell  
The clock pin countdown_reg[11]/C is not reached by a timing clock
Related violations: <none>

TIMING-17#8 Critical Warning
Non-clocked sequential cell  
The clock pin countdown_reg[12]/C is not reached by a timing clock
Related violations: <none>

TIMING-17#9 Critical Warning
Non-clocked sequential cell  
The clock pin countdown_reg[13]/C is not reached by a timing clock
Related violations: <none>

TIMING-17#10 Critical Warning
Non-clocked sequential cell  
The clock pin countdown_reg[14]/C is not reached by a timing clock
Related violations: <none>

TIMING-17#11 Critical Warning
Non-clocked sequential cell  
The clock pin countdown_reg[15]/C is not reached by a timing clock
Related violations: <none>

TIMING-17#12 Critical Warning
Non-clocked sequential cell  
The clock pin countdown_reg[1]/C is not reached by a timing clock
Related violations: <none>

TIMING-17#13 Critical Warning
Non-clocked sequential cell  
The clock pin countdown_reg[2]/C is not reached by a timing clock
Related violations: <none>

TIMING-17#14 Critical Warning
Non-clocked sequential cell  
The clock pin countdown_reg[3]/C is not reached by a timing clock
Related violations: <none>

TIMING-17#15 Critical Warning
Non-clocked sequential cell  
The clock pin countdown_reg[4]/C is not reached by a timing clock
Related violations: <none>

TIMING-17#16 Critical Warning
Non-clocked sequential cell  
The clock pin countdown_reg[5]/C is not reached by a timing clock
Related violations: <none>

TIMING-17#17 Critical Warning
Non-clocked sequential cell  
The clock pin countdown_reg[6]/C is not reached by a timing clock
Related violations: <none>

TIMING-17#18 Critical Warning
Non-clocked sequential cell  
The clock pin countdown_reg[7]/C is not reached by a timing clock
Related violations: <none>

TIMING-17#19 Critical Warning
Non-clocked sequential cell  
The clock pin countdown_reg[8]/C is not reached by a timing clock
Related violations: <none>

TIMING-17#20 Critical Warning
Non-clocked sequential cell  
The clock pin countdown_reg[9]/C is not reached by a timing clock
Related violations: <none>

TIMING-17#21 Critical Warning
Non-clocked sequential cell  
The clock pin pos_reg[0]/C is not reached by a timing clock
Related violations: <none>

TIMING-17#22 Critical Warning
Non-clocked sequential cell  
The clock pin pos_reg[1]/C is not reached by a timing clock
Related violations: <none>

TIMING-17#23 Critical Warning
Non-clocked sequential cell  
The clock pin pos_reg[2]/C is not reached by a timing clock
Related violations: <none>

TIMING-18#1 Warning
Missing input or output delay  
An input delay is missing on addr_L4b[0] relative to clock(s) sys_clk_pin
Related violations: <none>

TIMING-18#2 Warning
Missing input or output delay  
An input delay is missing on addr_L4b[1] relative to clock(s) sys_clk_pin
Related violations: <none>

TIMING-18#3 Warning
Missing input or output delay  
An input delay is missing on addr_L4b[2] relative to clock(s) sys_clk_pin
Related violations: <none>

TIMING-18#4 Warning
Missing input or output delay  
An input delay is missing on addr_L4b[3] relative to clock(s) sys_clk_pin
Related violations: <none>

TIMING-18#5 Warning
Missing input or output delay  
An input delay is missing on we relative to clock(s) sys_clk_pin
Related violations: <none>

TIMING-20#1 Warning
Non-clocked latch  
The latch mem32b0/dataout_reg[0] cannot be properly analyzed as its control pin mem32b0/dataout_reg[0]/G is not reached by a timing clock
Related violations: <none>

TIMING-20#2 Warning
Non-clocked latch  
The latch mem32b0/dataout_reg[10] cannot be properly analyzed as its control pin mem32b0/dataout_reg[10]/G is not reached by a timing clock
Related violations: <none>

TIMING-20#3 Warning
Non-clocked latch  
The latch mem32b0/dataout_reg[11] cannot be properly analyzed as its control pin mem32b0/dataout_reg[11]/G is not reached by a timing clock
Related violations: <none>

TIMING-20#4 Warning
Non-clocked latch  
The latch mem32b0/dataout_reg[12] cannot be properly analyzed as its control pin mem32b0/dataout_reg[12]/G is not reached by a timing clock
Related violations: <none>

TIMING-20#5 Warning
Non-clocked latch  
The latch mem32b0/dataout_reg[13] cannot be properly analyzed as its control pin mem32b0/dataout_reg[13]/G is not reached by a timing clock
Related violations: <none>

TIMING-20#6 Warning
Non-clocked latch  
The latch mem32b0/dataout_reg[14] cannot be properly analyzed as its control pin mem32b0/dataout_reg[14]/G is not reached by a timing clock
Related violations: <none>

TIMING-20#7 Warning
Non-clocked latch  
The latch mem32b0/dataout_reg[15] cannot be properly analyzed as its control pin mem32b0/dataout_reg[15]/G is not reached by a timing clock
Related violations: <none>

TIMING-20#8 Warning
Non-clocked latch  
The latch mem32b0/dataout_reg[16] cannot be properly analyzed as its control pin mem32b0/dataout_reg[16]/G is not reached by a timing clock
Related violations: <none>

TIMING-20#9 Warning
Non-clocked latch  
The latch mem32b0/dataout_reg[17] cannot be properly analyzed as its control pin mem32b0/dataout_reg[17]/G is not reached by a timing clock
Related violations: <none>

TIMING-20#10 Warning
Non-clocked latch  
The latch mem32b0/dataout_reg[18] cannot be properly analyzed as its control pin mem32b0/dataout_reg[18]/G is not reached by a timing clock
Related violations: <none>

TIMING-20#11 Warning
Non-clocked latch  
The latch mem32b0/dataout_reg[19] cannot be properly analyzed as its control pin mem32b0/dataout_reg[19]/G is not reached by a timing clock
Related violations: <none>

TIMING-20#12 Warning
Non-clocked latch  
The latch mem32b0/dataout_reg[1] cannot be properly analyzed as its control pin mem32b0/dataout_reg[1]/G is not reached by a timing clock
Related violations: <none>

TIMING-20#13 Warning
Non-clocked latch  
The latch mem32b0/dataout_reg[20] cannot be properly analyzed as its control pin mem32b0/dataout_reg[20]/G is not reached by a timing clock
Related violations: <none>

TIMING-20#14 Warning
Non-clocked latch  
The latch mem32b0/dataout_reg[21] cannot be properly analyzed as its control pin mem32b0/dataout_reg[21]/G is not reached by a timing clock
Related violations: <none>

TIMING-20#15 Warning
Non-clocked latch  
The latch mem32b0/dataout_reg[22] cannot be properly analyzed as its control pin mem32b0/dataout_reg[22]/G is not reached by a timing clock
Related violations: <none>

TIMING-20#16 Warning
Non-clocked latch  
The latch mem32b0/dataout_reg[23] cannot be properly analyzed as its control pin mem32b0/dataout_reg[23]/G is not reached by a timing clock
Related violations: <none>

TIMING-20#17 Warning
Non-clocked latch  
The latch mem32b0/dataout_reg[24] cannot be properly analyzed as its control pin mem32b0/dataout_reg[24]/G is not reached by a timing clock
Related violations: <none>

TIMING-20#18 Warning
Non-clocked latch  
The latch mem32b0/dataout_reg[25] cannot be properly analyzed as its control pin mem32b0/dataout_reg[25]/G is not reached by a timing clock
Related violations: <none>

TIMING-20#19 Warning
Non-clocked latch  
The latch mem32b0/dataout_reg[26] cannot be properly analyzed as its control pin mem32b0/dataout_reg[26]/G is not reached by a timing clock
Related violations: <none>

TIMING-20#20 Warning
Non-clocked latch  
The latch mem32b0/dataout_reg[27] cannot be properly analyzed as its control pin mem32b0/dataout_reg[27]/G is not reached by a timing clock
Related violations: <none>

TIMING-20#21 Warning
Non-clocked latch  
The latch mem32b0/dataout_reg[28] cannot be properly analyzed as its control pin mem32b0/dataout_reg[28]/G is not reached by a timing clock
Related violations: <none>

TIMING-20#22 Warning
Non-clocked latch  
The latch mem32b0/dataout_reg[29] cannot be properly analyzed as its control pin mem32b0/dataout_reg[29]/G is not reached by a timing clock
Related violations: <none>

TIMING-20#23 Warning
Non-clocked latch  
The latch mem32b0/dataout_reg[2] cannot be properly analyzed as its control pin mem32b0/dataout_reg[2]/G is not reached by a timing clock
Related violations: <none>

TIMING-20#24 Warning
Non-clocked latch  
The latch mem32b0/dataout_reg[30] cannot be properly analyzed as its control pin mem32b0/dataout_reg[30]/G is not reached by a timing clock
Related violations: <none>

TIMING-20#25 Warning
Non-clocked latch  
The latch mem32b0/dataout_reg[31] cannot be properly analyzed as its control pin mem32b0/dataout_reg[31]/G is not reached by a timing clock
Related violations: <none>

TIMING-20#26 Warning
Non-clocked latch  
The latch mem32b0/dataout_reg[3] cannot be properly analyzed as its control pin mem32b0/dataout_reg[3]/G is not reached by a timing clock
Related violations: <none>

TIMING-20#27 Warning
Non-clocked latch  
The latch mem32b0/dataout_reg[4] cannot be properly analyzed as its control pin mem32b0/dataout_reg[4]/G is not reached by a timing clock
Related violations: <none>

TIMING-20#28 Warning
Non-clocked latch  
The latch mem32b0/dataout_reg[5] cannot be properly analyzed as its control pin mem32b0/dataout_reg[5]/G is not reached by a timing clock
Related violations: <none>

TIMING-20#29 Warning
Non-clocked latch  
The latch mem32b0/dataout_reg[6] cannot be properly analyzed as its control pin mem32b0/dataout_reg[6]/G is not reached by a timing clock
Related violations: <none>

TIMING-20#30 Warning
Non-clocked latch  
The latch mem32b0/dataout_reg[7] cannot be properly analyzed as its control pin mem32b0/dataout_reg[7]/G is not reached by a timing clock
Related violations: <none>

TIMING-20#31 Warning
Non-clocked latch  
The latch mem32b0/dataout_reg[8] cannot be properly analyzed as its control pin mem32b0/dataout_reg[8]/G is not reached by a timing clock
Related violations: <none>

TIMING-20#32 Warning
Non-clocked latch  
The latch mem32b0/dataout_reg[9] cannot be properly analyzed as its control pin mem32b0/dataout_reg[9]/G is not reached by a timing clock
Related violations: <none>

TIMING-20#33 Warning
Non-clocked latch  
The latch mem32b0/intmp_reg[0] cannot be properly analyzed as its control pin mem32b0/intmp_reg[0]/G is not reached by a timing clock
Related violations: <none>

TIMING-20#34 Warning
Non-clocked latch  
The latch mem32b0/intmp_reg[10] cannot be properly analyzed as its control pin mem32b0/intmp_reg[10]/G is not reached by a timing clock
Related violations: <none>

TIMING-20#35 Warning
Non-clocked latch  
The latch mem32b0/intmp_reg[11] cannot be properly analyzed as its control pin mem32b0/intmp_reg[11]/G is not reached by a timing clock
Related violations: <none>

TIMING-20#36 Warning
Non-clocked latch  
The latch mem32b0/intmp_reg[12] cannot be properly analyzed as its control pin mem32b0/intmp_reg[12]/G is not reached by a timing clock
Related violations: <none>

TIMING-20#37 Warning
Non-clocked latch  
The latch mem32b0/intmp_reg[13] cannot be properly analyzed as its control pin mem32b0/intmp_reg[13]/G is not reached by a timing clock
Related violations: <none>

TIMING-20#38 Warning
Non-clocked latch  
The latch mem32b0/intmp_reg[14] cannot be properly analyzed as its control pin mem32b0/intmp_reg[14]/G is not reached by a timing clock
Related violations: <none>

TIMING-20#39 Warning
Non-clocked latch  
The latch mem32b0/intmp_reg[15] cannot be properly analyzed as its control pin mem32b0/intmp_reg[15]/G is not reached by a timing clock
Related violations: <none>

TIMING-20#40 Warning
Non-clocked latch  
The latch mem32b0/intmp_reg[16] cannot be properly analyzed as its control pin mem32b0/intmp_reg[16]/G is not reached by a timing clock
Related violations: <none>

TIMING-20#41 Warning
Non-clocked latch  
The latch mem32b0/intmp_reg[17] cannot be properly analyzed as its control pin mem32b0/intmp_reg[17]/G is not reached by a timing clock
Related violations: <none>

TIMING-20#42 Warning
Non-clocked latch  
The latch mem32b0/intmp_reg[18] cannot be properly analyzed as its control pin mem32b0/intmp_reg[18]/G is not reached by a timing clock
Related violations: <none>

TIMING-20#43 Warning
Non-clocked latch  
The latch mem32b0/intmp_reg[19] cannot be properly analyzed as its control pin mem32b0/intmp_reg[19]/G is not reached by a timing clock
Related violations: <none>

TIMING-20#44 Warning
Non-clocked latch  
The latch mem32b0/intmp_reg[1] cannot be properly analyzed as its control pin mem32b0/intmp_reg[1]/G is not reached by a timing clock
Related violations: <none>

TIMING-20#45 Warning
Non-clocked latch  
The latch mem32b0/intmp_reg[20] cannot be properly analyzed as its control pin mem32b0/intmp_reg[20]/G is not reached by a timing clock
Related violations: <none>

TIMING-20#46 Warning
Non-clocked latch  
The latch mem32b0/intmp_reg[21] cannot be properly analyzed as its control pin mem32b0/intmp_reg[21]/G is not reached by a timing clock
Related violations: <none>

TIMING-20#47 Warning
Non-clocked latch  
The latch mem32b0/intmp_reg[22] cannot be properly analyzed as its control pin mem32b0/intmp_reg[22]/G is not reached by a timing clock
Related violations: <none>

TIMING-20#48 Warning
Non-clocked latch  
The latch mem32b0/intmp_reg[23] cannot be properly analyzed as its control pin mem32b0/intmp_reg[23]/G is not reached by a timing clock
Related violations: <none>

TIMING-20#49 Warning
Non-clocked latch  
The latch mem32b0/intmp_reg[24] cannot be properly analyzed as its control pin mem32b0/intmp_reg[24]/G is not reached by a timing clock
Related violations: <none>

TIMING-20#50 Warning
Non-clocked latch  
The latch mem32b0/intmp_reg[25] cannot be properly analyzed as its control pin mem32b0/intmp_reg[25]/G is not reached by a timing clock
Related violations: <none>

TIMING-20#51 Warning
Non-clocked latch  
The latch mem32b0/intmp_reg[26] cannot be properly analyzed as its control pin mem32b0/intmp_reg[26]/G is not reached by a timing clock
Related violations: <none>

TIMING-20#52 Warning
Non-clocked latch  
The latch mem32b0/intmp_reg[27] cannot be properly analyzed as its control pin mem32b0/intmp_reg[27]/G is not reached by a timing clock
Related violations: <none>

TIMING-20#53 Warning
Non-clocked latch  
The latch mem32b0/intmp_reg[28] cannot be properly analyzed as its control pin mem32b0/intmp_reg[28]/G is not reached by a timing clock
Related violations: <none>

TIMING-20#54 Warning
Non-clocked latch  
The latch mem32b0/intmp_reg[29] cannot be properly analyzed as its control pin mem32b0/intmp_reg[29]/G is not reached by a timing clock
Related violations: <none>

TIMING-20#55 Warning
Non-clocked latch  
The latch mem32b0/intmp_reg[2] cannot be properly analyzed as its control pin mem32b0/intmp_reg[2]/G is not reached by a timing clock
Related violations: <none>

TIMING-20#56 Warning
Non-clocked latch  
The latch mem32b0/intmp_reg[30] cannot be properly analyzed as its control pin mem32b0/intmp_reg[30]/G is not reached by a timing clock
Related violations: <none>

TIMING-20#57 Warning
Non-clocked latch  
The latch mem32b0/intmp_reg[31] cannot be properly analyzed as its control pin mem32b0/intmp_reg[31]/G is not reached by a timing clock
Related violations: <none>

TIMING-20#58 Warning
Non-clocked latch  
The latch mem32b0/intmp_reg[3] cannot be properly analyzed as its control pin mem32b0/intmp_reg[3]/G is not reached by a timing clock
Related violations: <none>

TIMING-20#59 Warning
Non-clocked latch  
The latch mem32b0/intmp_reg[4] cannot be properly analyzed as its control pin mem32b0/intmp_reg[4]/G is not reached by a timing clock
Related violations: <none>

TIMING-20#60 Warning
Non-clocked latch  
The latch mem32b0/intmp_reg[5] cannot be properly analyzed as its control pin mem32b0/intmp_reg[5]/G is not reached by a timing clock
Related violations: <none>

TIMING-20#61 Warning
Non-clocked latch  
The latch mem32b0/intmp_reg[6] cannot be properly analyzed as its control pin mem32b0/intmp_reg[6]/G is not reached by a timing clock
Related violations: <none>

TIMING-20#62 Warning
Non-clocked latch  
The latch mem32b0/intmp_reg[7] cannot be properly analyzed as its control pin mem32b0/intmp_reg[7]/G is not reached by a timing clock
Related violations: <none>

TIMING-20#63 Warning
Non-clocked latch  
The latch mem32b0/intmp_reg[8] cannot be properly analyzed as its control pin mem32b0/intmp_reg[8]/G is not reached by a timing clock
Related violations: <none>

TIMING-20#64 Warning
Non-clocked latch  
The latch mem32b0/intmp_reg[9] cannot be properly analyzed as its control pin mem32b0/intmp_reg[9]/G is not reached by a timing clock
Related violations: <none>


